;  LST file generated by mikroListExporter - v.2.0 
; Date/Time: 5/18/2022 5:51:02 PM
;----------------------------------------------

;Address Opcode 	ASM
0x0000	0xF002EF2E  	GOTO        1116
_interrupt:
;Sonar.c,87 :: 		void interrupt() {
0x0008	0xF017C000  	MOVFF       R0, 23
0x000C	0xF016C001  	MOVFF       R1, 22
0x0010	0xF015C002  	MOVFF       R2, 21
;Sonar.c,88 :: 		if (PIR1.ADIF)
0x0014	0xAC9E      	BTFSS       PIR1, 6 
0x0016	0xD019      	BRA         L_interrupt6
;Sonar.c,90 :: 		dist = (ADRESH << 2) + (ADRESL >> 6);
0x0018	0xF02ACFC4  	MOVFF       ADRESH, _dist
0x001C	0x0E00      	MOVLW       0
0x001E	0x6E2B      	MOVWF       _dist+1 
0x0020	0x362A      	RLCF        _dist, 1 
0x0022	0x902A      	BCF         _dist, 0 
0x0024	0x362B      	RLCF        _dist+1, 1 
0x0026	0x362A      	RLCF        _dist, 1 
0x0028	0x902A      	BCF         _dist, 0 
0x002A	0x362B      	RLCF        _dist+1, 1 
0x002C	0x0E06      	MOVLW       6
0x002E	0x6E01      	MOVWF       R1 
0x0030	0xF000CFC3  	MOVFF       ADRESL, R0
0x0034	0x5001      	MOVF        R1, 0 
L__interrupt17:
0x0036	0xE004      	BZ          L__interrupt18
0x0038	0x3200      	RRCF        R0, 1 
0x003A	0x9E00      	BCF         R0, 7 
0x003C	0x0FFF      	ADDLW       255
0x003E	0xD7FB      	BRA         L__interrupt17
L__interrupt18:
0x0040	0x5000      	MOVF        R0, 0 
0x0042	0x262A      	ADDWF       _dist, 1 
0x0044	0x0E00      	MOVLW       0
0x0046	0x222B      	ADDWFC      _dist+1, 1 
;Sonar.c,91 :: 		PIR1.ADIF = 0;
0x0048	0x9C9E      	BCF         PIR1, 6 
;Sonar.c,92 :: 		}
L_interrupt6:
;Sonar.c,93 :: 		if (PIR1.CCP1IF)
0x004A	0xA49E      	BTFSS       PIR1, 2 
0x004C	0xD01E      	BRA         L_interrupt7
;Sonar.c,95 :: 		if (CCP1CON.CCP1M0)
0x004E	0xA0BD      	BTFSS       CCP1CON, 0 
0x0050	0xD009      	BRA         L_interrupt8
;Sonar.c,97 :: 		t_ccp = (CCPR1H << 8) + CCPR1L;
0x0052	0xF029CFBF  	MOVFF       CCPR1H, _t_ccp+1
0x0056	0x6A28      	CLRF        _t_ccp 
0x0058	0x50BE      	MOVF        CCPR1L, 0 
0x005A	0x2628      	ADDWF       _t_ccp, 1 
0x005C	0x0E00      	MOVLW       0
0x005E	0x2229      	ADDWFC      _t_ccp+1, 1 
;Sonar.c,98 :: 		CCP1CON.CCP1M0 = 0;
0x0060	0x90BD      	BCF         CCP1CON, 0 
;Sonar.c,100 :: 		}
0x0062	0xD012      	BRA         L_interrupt9
L_interrupt8:
;Sonar.c,102 :: 		t_ccp = ((CCPR1H << 8) + CCPR1L) - t_ccp;
0x0064	0xF001CFBF  	MOVFF       CCPR1H, R1
0x0068	0x6A00      	CLRF        R0 
0x006A	0x50BE      	MOVF        CCPR1L, 0 
0x006C	0x2600      	ADDWF       R0, 1 
0x006E	0x0E00      	MOVLW       0
0x0070	0x2201      	ADDWFC      R1, 1 
0x0072	0x5028      	MOVF        _t_ccp, 0 
0x0074	0x5C00      	SUBWF       R0, 0 
0x0076	0x6E28      	MOVWF       _t_ccp 
0x0078	0x5029      	MOVF        _t_ccp+1, 0 
0x007A	0x5801      	SUBWFB      R1, 0 
0x007C	0x6E29      	MOVWF       _t_ccp+1 
;Sonar.c,103 :: 		CCP1CON.CCP1M0 = 1;
0x007E	0x80BD      	BSF         CCP1CON, 0 
;Sonar.c,104 :: 		ccp_finished = 1;
0x0080	0x0E01      	MOVLW       1
0x0082	0x6E18      	MOVWF       _ccp_finished 
0x0084	0x0E00      	MOVLW       0
0x0086	0x6E19      	MOVWF       _ccp_finished+1 
;Sonar.c,105 :: 		}
L_interrupt9:
;Sonar.c,106 :: 		PIR1.CCP1IF = 0;
0x0088	0x949E      	BCF         PIR1, 2 
;Sonar.c,107 :: 		}
L_interrupt7:
;Sonar.c,108 :: 		if (PIR1.TMR1IF)
0x008A	0xA09E      	BTFSS       PIR1, 0 
0x008C	0xD002      	BRA         L_interrupt10
;Sonar.c,110 :: 		ADCON0.GO_NOT_DONE = 1;
0x008E	0x82C2      	BSF         ADCON0, 1 
;Sonar.c,111 :: 		PIR1.TMR1IF = 0;
0x0090	0x909E      	BCF         PIR1, 0 
;Sonar.c,112 :: 		}
L_interrupt10:
;Sonar.c,113 :: 		}
L_end_interrupt:
L__interrupt16:
0x0092	0xF000C017  	MOVFF       23, R0
0x0096	0xF001C016  	MOVFF       22, R1
0x009A	0xF002C015  	MOVFF       21, R2
0x009E	0x0011      	RETFIE      1
; end of _interrupt
_Delay_50us:
;__Lib_Delays.c,19 :: 		void Delay_50us() {
;__Lib_Delays.c,20 :: 		Delay_us(50);
0x00A0	0x0E21      	MOVLW       33
0x00A2	0x6E0D      	MOVWF       R13, 0
L_Delay_50us2:
0x00A4	0x2E0D      	DECFSZ      R13, 1, 0
0x00A6	0xD7FE      	BRA         L_Delay_50us2
;__Lib_Delays.c,21 :: 		}
L_end_Delay_50us:
0x00A8	0x0012      	RETURN      0
; end of _Delay_50us
_Delay_5500us:
;__Lib_Delays.c,31 :: 		void Delay_5500us() {
;__Lib_Delays.c,32 :: 		Delay_us(5500);
0x00AA	0x0E0F      	MOVLW       15
0x00AC	0x6E0C      	MOVWF       R12, 0
0x00AE	0x0E47      	MOVLW       71
0x00B0	0x6E0D      	MOVWF       R13, 0
L_Delay_5500us5:
0x00B2	0x2E0D      	DECFSZ      R13, 1, 0
0x00B4	0xD7FE      	BRA         L_Delay_5500us5
0x00B6	0x2E0C      	DECFSZ      R12, 1, 0
0x00B8	0xD7FC      	BRA         L_Delay_5500us5
0x00BA	0x0000      	NOP
0x00BC	0x0000      	NOP
;__Lib_Delays.c,33 :: 		}
L_end_Delay_5500us:
0x00BE	0x0012      	RETURN      0
; end of _Delay_5500us
_Delay_1us:
;__Lib_Delays.c,7 :: 		void Delay_1us() {
;__Lib_Delays.c,8 :: 		Delay_us(1);
0x00C0	0x0000      	NOP
0x00C2	0x0000      	NOP
;__Lib_Delays.c,9 :: 		}
L_end_Delay_1us:
0x00C4	0x0012      	RETURN      0
; end of _Delay_1us
_Div_16X16_U:
;__Lib_Math.c,102 :: 		
;__Lib_Math.c,109 :: 		
0x00C6	0x6A08      	CLRF        R8, 0
;__Lib_Math.c,110 :: 		
0x00C8	0x6A09      	CLRF        R9, 0
;__Lib_Math.c,111 :: 		
0x00CA	0x0E10      	MOVLW       16
;__Lib_Math.c,112 :: 		
0x00CC	0x6E0C      	MOVWF       R12, 0
;__Lib_Math.c,113 :: 		
0x00CE	0x3401      	RLCF        R1, 0, 0
;__Lib_Math.c,114 :: 		
0x00D0	0x3608      	RLCF        R8, 1, 0
;__Lib_Math.c,115 :: 		
0x00D2	0x3609      	RLCF        R9, 1, 0
;__Lib_Math.c,116 :: 		
0x00D4	0x5004      	MOVF        R4, 0, 0
;__Lib_Math.c,117 :: 		
0x00D6	0x5E08      	SUBWF       R8, 1, 0
;__Lib_Math.c,118 :: 		
0x00D8	0x5005      	MOVF        R5, 0, 0
;__Lib_Math.c,119 :: 		
0x00DA	0xA0D8      	BTFSS       STATUS, 0, 0
;__Lib_Math.c,120 :: 		
0x00DC	0x3C05      	INCFSZ      R5, 0, 0
;__Lib_Math.c,121 :: 		
0x00DE	0x5E09      	SUBWF       R9, 1, 0
;__Lib_Math.c,122 :: 		
0x00E0	0xB0D8      	BTFSC       STATUS, 0, 0
;__Lib_Math.c,123 :: 		
0x00E2	0xD007      	BRA         $+16
;__Lib_Math.c,124 :: 		
0x00E4	0x5004      	MOVF        R4, 0, 0
;__Lib_Math.c,125 :: 		
0x00E6	0x2608      	ADDWF       R8, 1, 0
;__Lib_Math.c,126 :: 		
0x00E8	0x5005      	MOVF        R5, 0, 0
;__Lib_Math.c,127 :: 		
0x00EA	0xB0D8      	BTFSC       STATUS, 0, 0
;__Lib_Math.c,128 :: 		
0x00EC	0x3C05      	INCFSZ      R5, 0, 0
;__Lib_Math.c,129 :: 		
0x00EE	0x2609      	ADDWF       R9, 1, 0
;__Lib_Math.c,130 :: 		
0x00F0	0x90D8      	BCF         STATUS, 0, 0
;__Lib_Math.c,131 :: 		
0x00F2	0x3600      	RLCF        R0, 1, 0
;__Lib_Math.c,132 :: 		
0x00F4	0x3601      	RLCF        R1, 1, 0
;__Lib_Math.c,133 :: 		
0x00F6	0x2E0C      	DECFSZ      R12, 1, 0
;__Lib_Math.c,134 :: 		
0x00F8	0xD7EA      	BRA         $-42
;__Lib_Math.c,136 :: 		
L_end_Div_16X16_U:
0x00FA	0x0012      	RETURN      0
; end of _Div_16X16_U
_Lcd_Cmd:
;__Lib_Lcd.c,18 :: 		
;__Lib_Lcd.c,20 :: 		
0x00FC	0xBE49      	BTFSC       FARG_Lcd_Cmd_out_char, 7 
0x00FE	0xD002      	BRA         L__Lcd_Cmd21
0x0100	0x968A      	BCF         LCD_D7, BitPos(LCD_D7+0) 
0x0102	0xD001      	BRA         L__Lcd_Cmd22
L__Lcd_Cmd21:
0x0104	0x868A      	BSF         LCD_D7, BitPos(LCD_D7+0) 
L__Lcd_Cmd22:
;__Lib_Lcd.c,21 :: 		
0x0106	0xBC49      	BTFSC       FARG_Lcd_Cmd_out_char, 6 
0x0108	0xD002      	BRA         L__Lcd_Cmd23
0x010A	0x948A      	BCF         LCD_D6, BitPos(LCD_D6+0) 
0x010C	0xD001      	BRA         L__Lcd_Cmd24
L__Lcd_Cmd23:
0x010E	0x848A      	BSF         LCD_D6, BitPos(LCD_D6+0) 
L__Lcd_Cmd24:
;__Lib_Lcd.c,22 :: 		
0x0110	0xBA49      	BTFSC       FARG_Lcd_Cmd_out_char, 5 
0x0112	0xD002      	BRA         L__Lcd_Cmd25
0x0114	0x928A      	BCF         LCD_D5, BitPos(LCD_D5+0) 
0x0116	0xD001      	BRA         L__Lcd_Cmd26
L__Lcd_Cmd25:
0x0118	0x828A      	BSF         LCD_D5, BitPos(LCD_D5+0) 
L__Lcd_Cmd26:
;__Lib_Lcd.c,23 :: 		
0x011A	0xB849      	BTFSC       FARG_Lcd_Cmd_out_char, 4 
0x011C	0xD002      	BRA         L__Lcd_Cmd27
0x011E	0x908A      	BCF         LCD_D4, BitPos(LCD_D4+0) 
0x0120	0xD001      	BRA         L__Lcd_Cmd28
L__Lcd_Cmd27:
0x0122	0x808A      	BSF         LCD_D4, BitPos(LCD_D4+0) 
L__Lcd_Cmd28:
;__Lib_Lcd.c,25 :: 		
0x0124	0xB02C      	BTFSC       __Lib_Lcd_cmd_status, BitPos(__Lib_Lcd_cmd_status+0) 
0x0126	0xD002      	BRA         L__Lcd_Cmd29
0x0128	0x888A      	BSF         LCD_RS, BitPos(LCD_RS+0) 
0x012A	0xD001      	BRA         L__Lcd_Cmd30
L__Lcd_Cmd29:
0x012C	0x988A      	BCF         LCD_RS, BitPos(LCD_RS+0) 
L__Lcd_Cmd30:
;__Lib_Lcd.c,28 :: 		
0x012E	0x8A8A      	BSF         LCD_EN, BitPos(LCD_EN+0) 
;__Lib_Lcd.c,29 :: 		
0x0130	0xDFC7      	RCALL       _Delay_1us
;__Lib_Lcd.c,30 :: 		
0x0132	0x9A8A      	BCF         LCD_EN, BitPos(LCD_EN+0) 
;__Lib_Lcd.c,33 :: 		
0x0134	0xB649      	BTFSC       FARG_Lcd_Cmd_out_char, 3 
0x0136	0xD002      	BRA         L__Lcd_Cmd31
0x0138	0x968A      	BCF         LCD_D7, BitPos(LCD_D7+0) 
0x013A	0xD001      	BRA         L__Lcd_Cmd32
L__Lcd_Cmd31:
0x013C	0x868A      	BSF         LCD_D7, BitPos(LCD_D7+0) 
L__Lcd_Cmd32:
;__Lib_Lcd.c,34 :: 		
0x013E	0xB449      	BTFSC       FARG_Lcd_Cmd_out_char, 2 
0x0140	0xD002      	BRA         L__Lcd_Cmd33
0x0142	0x948A      	BCF         LCD_D6, BitPos(LCD_D6+0) 
0x0144	0xD001      	BRA         L__Lcd_Cmd34
L__Lcd_Cmd33:
0x0146	0x848A      	BSF         LCD_D6, BitPos(LCD_D6+0) 
L__Lcd_Cmd34:
;__Lib_Lcd.c,35 :: 		
0x0148	0xB249      	BTFSC       FARG_Lcd_Cmd_out_char, 1 
0x014A	0xD002      	BRA         L__Lcd_Cmd35
0x014C	0x928A      	BCF         LCD_D5, BitPos(LCD_D5+0) 
0x014E	0xD001      	BRA         L__Lcd_Cmd36
L__Lcd_Cmd35:
0x0150	0x828A      	BSF         LCD_D5, BitPos(LCD_D5+0) 
L__Lcd_Cmd36:
;__Lib_Lcd.c,36 :: 		
0x0152	0xB049      	BTFSC       FARG_Lcd_Cmd_out_char, 0 
0x0154	0xD002      	BRA         L__Lcd_Cmd37
0x0156	0x908A      	BCF         LCD_D4, BitPos(LCD_D4+0) 
0x0158	0xD001      	BRA         L__Lcd_Cmd38
L__Lcd_Cmd37:
0x015A	0x808A      	BSF         LCD_D4, BitPos(LCD_D4+0) 
L__Lcd_Cmd38:
;__Lib_Lcd.c,38 :: 		
0x015C	0xB02C      	BTFSC       __Lib_Lcd_cmd_status, BitPos(__Lib_Lcd_cmd_status+0) 
0x015E	0xD002      	BRA         L__Lcd_Cmd39
0x0160	0x888A      	BSF         LCD_RS, BitPos(LCD_RS+0) 
0x0162	0xD001      	BRA         L__Lcd_Cmd40
L__Lcd_Cmd39:
0x0164	0x988A      	BCF         LCD_RS, BitPos(LCD_RS+0) 
L__Lcd_Cmd40:
;__Lib_Lcd.c,40 :: 		
0x0166	0x8A8A      	BSF         LCD_EN, BitPos(LCD_EN+0) 
;__Lib_Lcd.c,41 :: 		
0x0168	0xDFAB      	RCALL       _Delay_1us
;__Lib_Lcd.c,42 :: 		
0x016A	0x9A8A      	BCF         LCD_EN, BitPos(LCD_EN+0) 
;__Lib_Lcd.c,44 :: 		
0x016C	0xA02C      	BTFSS       __Lib_Lcd_cmd_status, BitPos(__Lib_Lcd_cmd_status+0) 
0x016E	0xD002      	BRA         L_Lcd_Cmd0
;__Lib_Lcd.c,45 :: 		
0x0170	0xDF9C      	RCALL       _Delay_5500us
0x0172	0xD001      	BRA         L_Lcd_Cmd1
L_Lcd_Cmd0:
;__Lib_Lcd.c,47 :: 		
0x0174	0xDF95      	RCALL       _Delay_50us
L_Lcd_Cmd1:
;__Lib_Lcd.c,48 :: 		
L_end_Lcd_Cmd:
0x0176	0x0012      	RETURN      0
; end of _Lcd_Cmd
_WordToStr:
;__Lib_Conversions.c,98 :: 		
;__Lib_Conversions.c,103 :: 		
0x0178	0x6A46      	CLRF        WordToStr_len_L0 
L_WordToStr11:
0x017A	0x0E05      	MOVLW       5
0x017C	0x5C46      	SUBWF       WordToStr_len_L0, 0 
0x017E	0xE20A      	BC          L_WordToStr12
;__Lib_Conversions.c,104 :: 		
0x0180	0x5046      	MOVF        WordToStr_len_L0, 0 
0x0182	0x2444      	ADDWF       FARG_WordToStr_output, 0 
0x0184	0x6EE1      	MOVWF       FSR1L 
0x0186	0x0E00      	MOVLW       0
0x0188	0x2045      	ADDWFC      FARG_WordToStr_output+1, 0 
0x018A	0x6EE2      	MOVWF       FSR1L+1 
0x018C	0x0E20      	MOVLW       32
0x018E	0x6EE6      	MOVWF       POSTINC1 
;__Lib_Conversions.c,103 :: 		
0x0190	0x2A46      	INCF        WordToStr_len_L0, 1 
;__Lib_Conversions.c,104 :: 		
0x0192	0xD7F3      	BRA         L_WordToStr11
L_WordToStr12:
;__Lib_Conversions.c,105 :: 		
0x0194	0x5046      	MOVF        WordToStr_len_L0, 0 
0x0196	0x2444      	ADDWF       FARG_WordToStr_output, 0 
0x0198	0x6EE1      	MOVWF       FSR1L 
0x019A	0x0E00      	MOVLW       0
0x019C	0x2045      	ADDWFC      FARG_WordToStr_output+1, 0 
0x019E	0x6EE2      	MOVWF       FSR1L+1 
0x01A0	0x6AE6      	CLRF        POSTINC1 
0x01A2	0x0646      	DECF        WordToStr_len_L0, 1 
;__Lib_Conversions.c,107 :: 		
L_WordToStr14:
;__Lib_Conversions.c,108 :: 		
0x01A4	0x5046      	MOVF        WordToStr_len_L0, 0 
0x01A6	0x2444      	ADDWF       FARG_WordToStr_output, 0 
0x01A8	0x6E47      	MOVWF       FLOC__WordToStr 
0x01AA	0x0E00      	MOVLW       0
0x01AC	0x2045      	ADDWFC      FARG_WordToStr_output+1, 0 
0x01AE	0x6E48      	MOVWF       FLOC__WordToStr+1 
0x01B0	0x0E0A      	MOVLW       10
0x01B2	0x6E04      	MOVWF       R4 
0x01B4	0x0E00      	MOVLW       0
0x01B6	0x6E05      	MOVWF       R5 
0x01B8	0xF000C042  	MOVFF       FARG_WordToStr_input, R0
0x01BC	0xF001C043  	MOVFF       FARG_WordToStr_input+1, R1
0x01C0	0xDF82      	RCALL       _Div_16X16_U
0x01C2	0xF000C008  	MOVFF       R8, R0
0x01C6	0xF001C009  	MOVFF       R9, R1
0x01CA	0x0E30      	MOVLW       48
0x01CC	0x2600      	ADDWF       R0, 1 
0x01CE	0xFFE1C047  	MOVFF       FLOC__WordToStr, FSR1L
0x01D2	0xFFE2C048  	MOVFF       FLOC__WordToStr+1, FSR1H
0x01D6	0xFFE6C000  	MOVFF       R0, POSTINC1
;__Lib_Conversions.c,109 :: 		
0x01DA	0x0E0A      	MOVLW       10
0x01DC	0x6E04      	MOVWF       R4 
0x01DE	0x0E00      	MOVLW       0
0x01E0	0x6E05      	MOVWF       R5 
0x01E2	0xF000C042  	MOVFF       FARG_WordToStr_input, R0
0x01E6	0xF001C043  	MOVFF       FARG_WordToStr_input+1, R1
0x01EA	0xDF6D      	RCALL       _Div_16X16_U
0x01EC	0xF042C000  	MOVFF       R0, FARG_WordToStr_input
0x01F0	0xF043C001  	MOVFF       R1, FARG_WordToStr_input+1
;__Lib_Conversions.c,110 :: 		
0x01F4	0x0E00      	MOVLW       0
0x01F6	0x1801      	XORWF       R1, 0 
0x01F8	0xE102      	BNZ         L__WordToStr159
0x01FA	0x0E00      	MOVLW       0
0x01FC	0x1800      	XORWF       R0, 0 
L__WordToStr159:
0x01FE	0xE101      	BNZ         L_WordToStr16
;__Lib_Conversions.c,111 :: 		
0x0200	0xD002      	BRA         L_WordToStr15
L_WordToStr16:
;__Lib_Conversions.c,112 :: 		
0x0202	0x0646      	DECF        WordToStr_len_L0, 1 
;__Lib_Conversions.c,113 :: 		
0x0204	0xD7CF      	BRA         L_WordToStr14
L_WordToStr15:
;__Lib_Conversions.c,114 :: 		
L_end_WordToStr:
0x0206	0x0012      	RETURN      0
; end of _WordToStr
_Lcd_Chr_CP:
;__Lib_Lcd.c,50 :: 		
;__Lib_Lcd.c,52 :: 		
0x0208	0x902C      	BCF         __Lib_Lcd_cmd_status, BitPos(__Lib_Lcd_cmd_status+0) 
;__Lib_Lcd.c,53 :: 		
0x020A	0xF049C042  	MOVFF       FARG_Lcd_Chr_CP_out_char, FARG_Lcd_Cmd_out_char
0x020E	0xDF76      	RCALL       _Lcd_Cmd
;__Lib_Lcd.c,54 :: 		
0x0210	0x802C      	BSF         __Lib_Lcd_cmd_status, BitPos(__Lib_Lcd_cmd_status+0) 
;__Lib_Lcd.c,55 :: 		
L_end_Lcd_Chr_CP:
0x0212	0x0012      	RETURN      0
; end of _Lcd_Chr_CP
_Lcd_Init:
;__Lib_Lcd.c,84 :: 		
;__Lib_Lcd.c,86 :: 		
0x0214	0x9A93      	BCF         LCD_EN_Direction, BitPos(LCD_EN_Direction+0) 
;__Lib_Lcd.c,87 :: 		
0x0216	0x9893      	BCF         LCD_RS_Direction, BitPos(LCD_RS_Direction+0) 
;__Lib_Lcd.c,88 :: 		
0x0218	0x9093      	BCF         LCD_D4_Direction, BitPos(LCD_D4_Direction+0) 
;__Lib_Lcd.c,89 :: 		
0x021A	0x9293      	BCF         LCD_D5_Direction, BitPos(LCD_D5_Direction+0) 
;__Lib_Lcd.c,90 :: 		
0x021C	0x9493      	BCF         LCD_D6_Direction, BitPos(LCD_D6_Direction+0) 
;__Lib_Lcd.c,91 :: 		
0x021E	0x9693      	BCF         LCD_D7_Direction, BitPos(LCD_D7_Direction+0) 
;__Lib_Lcd.c,93 :: 		
0x0220	0x9A8A      	BCF         LCD_EN, BitPos(LCD_EN+0) 
;__Lib_Lcd.c,94 :: 		
0x0222	0x988A      	BCF         LCD_RS, BitPos(LCD_RS+0) 
;__Lib_Lcd.c,95 :: 		
0x0224	0x968A      	BCF         LCD_D7, BitPos(LCD_D7+0) 
;__Lib_Lcd.c,96 :: 		
0x0226	0x948A      	BCF         LCD_D6, BitPos(LCD_D6+0) 
;__Lib_Lcd.c,97 :: 		
0x0228	0x928A      	BCF         LCD_D5, BitPos(LCD_D5+0) 
;__Lib_Lcd.c,98 :: 		
0x022A	0x908A      	BCF         LCD_D4, BitPos(LCD_D4+0) 
;__Lib_Lcd.c,100 :: 		
0x022C	0xDF3E      	RCALL       _Delay_5500us
;__Lib_Lcd.c,101 :: 		
0x022E	0xDF3D      	RCALL       _Delay_5500us
;__Lib_Lcd.c,102 :: 		
0x0230	0xDF3C      	RCALL       _Delay_5500us
;__Lib_Lcd.c,105 :: 		
0x0232	0x828A      	BSF         LCD_D5, BitPos(LCD_D5+0) 
;__Lib_Lcd.c,106 :: 		
0x0234	0x808A      	BSF         LCD_D4, BitPos(LCD_D4+0) 
;__Lib_Lcd.c,107 :: 		
0x0236	0x8A8A      	BSF         LCD_EN, BitPos(LCD_EN+0) 
;__Lib_Lcd.c,108 :: 		
0x0238	0xDF43      	RCALL       _Delay_1us
;__Lib_Lcd.c,109 :: 		
0x023A	0x9A8A      	BCF         LCD_EN, BitPos(LCD_EN+0) 
;__Lib_Lcd.c,110 :: 		
0x023C	0xDF36      	RCALL       _Delay_5500us
;__Lib_Lcd.c,112 :: 		
0x023E	0x8A8A      	BSF         LCD_EN, BitPos(LCD_EN+0) 
;__Lib_Lcd.c,113 :: 		
0x0240	0xDF3F      	RCALL       _Delay_1us
;__Lib_Lcd.c,114 :: 		
0x0242	0x9A8A      	BCF         LCD_EN, BitPos(LCD_EN+0) 
;__Lib_Lcd.c,115 :: 		
0x0244	0xDF32      	RCALL       _Delay_5500us
;__Lib_Lcd.c,117 :: 		
0x0246	0x8A8A      	BSF         LCD_EN, BitPos(LCD_EN+0) 
;__Lib_Lcd.c,118 :: 		
0x0248	0xDF3B      	RCALL       _Delay_1us
;__Lib_Lcd.c,119 :: 		
0x024A	0x9A8A      	BCF         LCD_EN, BitPos(LCD_EN+0) 
;__Lib_Lcd.c,120 :: 		
0x024C	0xDF2E      	RCALL       _Delay_5500us
;__Lib_Lcd.c,123 :: 		
0x024E	0x908A      	BCF         LCD_D4, BitPos(LCD_D4+0) 
;__Lib_Lcd.c,124 :: 		
0x0250	0x8A8A      	BSF         LCD_EN, BitPos(LCD_EN+0) 
;__Lib_Lcd.c,125 :: 		
0x0252	0xDF36      	RCALL       _Delay_1us
;__Lib_Lcd.c,126 :: 		
0x0254	0x9A8A      	BCF         LCD_EN, BitPos(LCD_EN+0) 
;__Lib_Lcd.c,127 :: 		
0x0256	0xDF29      	RCALL       _Delay_5500us
;__Lib_Lcd.c,130 :: 		
0x0258	0x8A8A      	BSF         LCD_EN, BitPos(LCD_EN+0) 
;__Lib_Lcd.c,131 :: 		
0x025A	0xDF32      	RCALL       _Delay_1us
;__Lib_Lcd.c,132 :: 		
0x025C	0x9A8A      	BCF         LCD_EN, BitPos(LCD_EN+0) 
;__Lib_Lcd.c,134 :: 		
0x025E	0x928A      	BCF         LCD_D5, BitPos(LCD_D5+0) 
;__Lib_Lcd.c,135 :: 		
0x0260	0x868A      	BSF         LCD_D7, BitPos(LCD_D7+0) 
;__Lib_Lcd.c,136 :: 		
0x0262	0x8A8A      	BSF         LCD_EN, BitPos(LCD_EN+0) 
;__Lib_Lcd.c,137 :: 		
0x0264	0xDF2D      	RCALL       _Delay_1us
;__Lib_Lcd.c,138 :: 		
0x0266	0x9A8A      	BCF         LCD_EN, BitPos(LCD_EN+0) 
;__Lib_Lcd.c,139 :: 		
0x0268	0xDF20      	RCALL       _Delay_5500us
;__Lib_Lcd.c,142 :: 		
0x026A	0x968A      	BCF         LCD_D7, BitPos(LCD_D7+0) 
;__Lib_Lcd.c,143 :: 		
0x026C	0x808A      	BSF         LCD_D4, BitPos(LCD_D4+0) 
;__Lib_Lcd.c,144 :: 		
0x026E	0x8A8A      	BSF         LCD_EN, BitPos(LCD_EN+0) 
;__Lib_Lcd.c,145 :: 		
0x0270	0xDF27      	RCALL       _Delay_1us
;__Lib_Lcd.c,146 :: 		
0x0272	0x9A8A      	BCF         LCD_EN, BitPos(LCD_EN+0) 
;__Lib_Lcd.c,148 :: 		
0x0274	0x908A      	BCF         LCD_D4, BitPos(LCD_D4+0) 
;__Lib_Lcd.c,149 :: 		
0x0276	0x8A8A      	BSF         LCD_EN, BitPos(LCD_EN+0) 
;__Lib_Lcd.c,150 :: 		
0x0278	0xDF23      	RCALL       _Delay_1us
;__Lib_Lcd.c,151 :: 		
0x027A	0x9A8A      	BCF         LCD_EN, BitPos(LCD_EN+0) 
;__Lib_Lcd.c,152 :: 		
0x027C	0xDF16      	RCALL       _Delay_5500us
;__Lib_Lcd.c,155 :: 		
0x027E	0x8A8A      	BSF         LCD_EN, BitPos(LCD_EN+0) 
;__Lib_Lcd.c,156 :: 		
0x0280	0xDF1F      	RCALL       _Delay_1us
;__Lib_Lcd.c,157 :: 		
0x0282	0x9A8A      	BCF         LCD_EN, BitPos(LCD_EN+0) 
;__Lib_Lcd.c,159 :: 		
0x0284	0x808A      	BSF         LCD_D4, BitPos(LCD_D4+0) 
;__Lib_Lcd.c,160 :: 		
0x0286	0x8A8A      	BSF         LCD_EN, BitPos(LCD_EN+0) 
;__Lib_Lcd.c,161 :: 		
0x0288	0xDF1B      	RCALL       _Delay_1us
;__Lib_Lcd.c,162 :: 		
0x028A	0x9A8A      	BCF         LCD_EN, BitPos(LCD_EN+0) 
;__Lib_Lcd.c,163 :: 		
0x028C	0xDF0E      	RCALL       _Delay_5500us
;__Lib_Lcd.c,166 :: 		
0x028E	0x908A      	BCF         LCD_D4, BitPos(LCD_D4+0) 
;__Lib_Lcd.c,167 :: 		
0x0290	0x8A8A      	BSF         LCD_EN, BitPos(LCD_EN+0) 
;__Lib_Lcd.c,168 :: 		
0x0292	0xDF16      	RCALL       _Delay_1us
;__Lib_Lcd.c,169 :: 		
0x0294	0x9A8A      	BCF         LCD_EN, BitPos(LCD_EN+0) 
;__Lib_Lcd.c,171 :: 		
0x0296	0x868A      	BSF         LCD_D7, BitPos(LCD_D7+0) 
;__Lib_Lcd.c,172 :: 		
0x0298	0x848A      	BSF         LCD_D6, BitPos(LCD_D6+0) 
;__Lib_Lcd.c,173 :: 		
0x029A	0x828A      	BSF         LCD_D5, BitPos(LCD_D5+0) 
;__Lib_Lcd.c,174 :: 		
0x029C	0x808A      	BSF         LCD_D4, BitPos(LCD_D4+0) 
;__Lib_Lcd.c,175 :: 		
0x029E	0x8A8A      	BSF         LCD_EN, BitPos(LCD_EN+0) 
;__Lib_Lcd.c,176 :: 		
0x02A0	0xDF0F      	RCALL       _Delay_1us
;__Lib_Lcd.c,177 :: 		
0x02A2	0x9A8A      	BCF         LCD_EN, BitPos(LCD_EN+0) 
;__Lib_Lcd.c,179 :: 		
0x02A4	0xDF02      	RCALL       _Delay_5500us
;__Lib_Lcd.c,181 :: 		
0x02A6	0x802C      	BSF         __Lib_Lcd_cmd_status, BitPos(__Lib_Lcd_cmd_status+0) 
;__Lib_Lcd.c,182 :: 		
L_end_Lcd_Init:
0x02A8	0x0012      	RETURN      0
; end of _Lcd_Init
___CC2DW:
;__Lib_System.c,21 :: 		
;__Lib_System.c,23 :: 		
_CC2DL_Loop1:
;__Lib_System.c,24 :: 		
0x02AA	0x0009      	TBLRD*+
;__Lib_System.c,25 :: 		
0x02AC	0xFFE6CFF5  	MOVFF       TABLAT, POSTINC1
;__Lib_System.c,26 :: 		
0x02B0	0x0600      	DECF        R0, 1, 0
;__Lib_System.c,27 :: 		
0x02B2	0xE1FB      	BNZ         _CC2DL_Loop1
;__Lib_System.c,28 :: 		
0x02B4	0x0601      	DECF        R1, 1, 0
;__Lib_System.c,29 :: 		
0x02B6	0xE1F9      	BNZ         _CC2DL_Loop1
;__Lib_System.c,31 :: 		
L_end___CC2DW:
0x02B8	0x0012      	RETURN      0
; end of ___CC2DW
_Lcd_Out:
;__Lib_Lcd.c,184 :: 		
;__Lib_Lcd.c,187 :: 		
0x02BA	0xD00F      	BRA         L_Lcd_Out11
;__Lib_Lcd.c,188 :: 		
L_Lcd_Out13:
0x02BC	0x0E80      	MOVLW       128
0x02BE	0x6E38      	MOVWF       FARG_Lcd_Out_row 
0x02C0	0xD019      	BRA         L_Lcd_Out12
;__Lib_Lcd.c,189 :: 		
L_Lcd_Out14:
0x02C2	0x0EC0      	MOVLW       192
0x02C4	0x6E38      	MOVWF       FARG_Lcd_Out_row 
0x02C6	0xD016      	BRA         L_Lcd_Out12
;__Lib_Lcd.c,190 :: 		
L_Lcd_Out15:
0x02C8	0x0E94      	MOVLW       148
0x02CA	0x6E38      	MOVWF       FARG_Lcd_Out_row 
0x02CC	0xD013      	BRA         L_Lcd_Out12
;__Lib_Lcd.c,191 :: 		
L_Lcd_Out16:
0x02CE	0x0ED4      	MOVLW       212
0x02D0	0x6E38      	MOVWF       FARG_Lcd_Out_row 
0x02D2	0xD010      	BRA         L_Lcd_Out12
;__Lib_Lcd.c,192 :: 		
L_Lcd_Out17:
0x02D4	0x0E80      	MOVLW       128
0x02D6	0x6E38      	MOVWF       FARG_Lcd_Out_row 
;__Lib_Lcd.c,193 :: 		
0x02D8	0xD00D      	BRA         L_Lcd_Out12
L_Lcd_Out11:
0x02DA	0x5038      	MOVF        FARG_Lcd_Out_row, 0 
0x02DC	0x0A01      	XORLW       1
0x02DE	0xE0EE      	BZ          L_Lcd_Out13
0x02E0	0x5038      	MOVF        FARG_Lcd_Out_row, 0 
0x02E2	0x0A02      	XORLW       2
0x02E4	0xE0EE      	BZ          L_Lcd_Out14
0x02E6	0x5038      	MOVF        FARG_Lcd_Out_row, 0 
0x02E8	0x0A03      	XORLW       3
0x02EA	0xE0EE      	BZ          L_Lcd_Out15
0x02EC	0x5038      	MOVF        FARG_Lcd_Out_row, 0 
0x02EE	0x0A04      	XORLW       4
0x02F0	0xE0EE      	BZ          L_Lcd_Out16
0x02F2	0xD7F0      	BRA         L_Lcd_Out17
L_Lcd_Out12:
;__Lib_Lcd.c,194 :: 		
0x02F4	0x0439      	DECF        FARG_Lcd_Out_column, 0 
0x02F6	0x6E00      	MOVWF       R0 
0x02F8	0x5038      	MOVF        FARG_Lcd_Out_row, 0 
0x02FA	0x2600      	ADDWF       R0, 1 
0x02FC	0xF038C000  	MOVFF       R0, FARG_Lcd_Out_row
;__Lib_Lcd.c,196 :: 		
0x0300	0xF049C000  	MOVFF       R0, FARG_Lcd_Cmd_out_char
0x0304	0xDEFB      	RCALL       _Lcd_Cmd
;__Lib_Lcd.c,197 :: 		
0x0306	0x902C      	BCF         __Lib_Lcd_cmd_status, BitPos(__Lib_Lcd_cmd_status+0) 
;__Lib_Lcd.c,198 :: 		
0x0308	0x6A3C      	CLRF        Lcd_Out_i_L0 
;__Lib_Lcd.c,199 :: 		
L_Lcd_Out18:
0x030A	0x503C      	MOVF        Lcd_Out_i_L0, 0 
0x030C	0x243A      	ADDWF       FARG_Lcd_Out_text, 0 
0x030E	0x6EE9      	MOVWF       FSR0L 
0x0310	0x0E00      	MOVLW       0
0x0312	0x203B      	ADDWFC      FARG_Lcd_Out_text+1, 0 
0x0314	0x6EEA      	MOVWF       FSR0L+1 
0x0316	0x52EE      	MOVF        POSTINC0, 1 
0x0318	0xE00B      	BZ          L_Lcd_Out19
;__Lib_Lcd.c,200 :: 		
0x031A	0x503C      	MOVF        Lcd_Out_i_L0, 0 
0x031C	0x243A      	ADDWF       FARG_Lcd_Out_text, 0 
0x031E	0x6EE9      	MOVWF       FSR0L 
0x0320	0x0E00      	MOVLW       0
0x0322	0x203B      	ADDWFC      FARG_Lcd_Out_text+1, 0 
0x0324	0x6EEA      	MOVWF       FSR0L+1 
0x0326	0xF042CFEE  	MOVFF       POSTINC0, FARG_Lcd_Chr_CP_out_char
0x032A	0xDF6E      	RCALL       _Lcd_Chr_CP
0x032C	0x2A3C      	INCF        Lcd_Out_i_L0, 1 
0x032E	0xD7ED      	BRA         L_Lcd_Out18
L_Lcd_Out19:
;__Lib_Lcd.c,201 :: 		
0x0330	0x802C      	BSF         __Lib_Lcd_cmd_status, BitPos(__Lib_Lcd_cmd_status+0) 
;__Lib_Lcd.c,202 :: 		
L_end_Lcd_Out:
0x0332	0x0012      	RETURN      0
; end of _Lcd_Out
_IntToStr:
;__Lib_Conversions.c,195 :: 		
;__Lib_Conversions.c,201 :: 		
0x0334	0x6A3E      	CLRF        IntToStr_negative_L0 
0x0336	0x6A3F      	CLRF        IntToStr_negative_L0+1 
;__Lib_Conversions.c,202 :: 		
0x0338	0xF040C038  	MOVFF       FARG_IntToStr_input, IntToStr_inword_L0
0x033C	0xF041C039  	MOVFF       FARG_IntToStr_input+1, IntToStr_inword_L0+1
;__Lib_Conversions.c,203 :: 		
0x0340	0x0E80      	MOVLW       128
0x0342	0x1839      	XORWF       FARG_IntToStr_input+1, 0 
0x0344	0x6E00      	MOVWF       R0 
0x0346	0x0E80      	MOVLW       128
0x0348	0x5C00      	SUBWF       R0, 0 
0x034A	0xE102      	BNZ         L__IntToStr167
0x034C	0x0E00      	MOVLW       0
0x034E	0x5C38      	SUBWF       FARG_IntToStr_input, 0 
L__IntToStr167:
0x0350	0xE20B      	BC          L_IntToStr37
;__Lib_Conversions.c,204 :: 		
0x0352	0x0E01      	MOVLW       1
0x0354	0x6E3E      	MOVWF       IntToStr_negative_L0 
0x0356	0x0E00      	MOVLW       0
0x0358	0x6E3F      	MOVWF       IntToStr_negative_L0+1 
;__Lib_Conversions.c,205 :: 		
0x035A	0x5038      	MOVF        FARG_IntToStr_input, 0 
0x035C	0x0800      	SUBLW       0
0x035E	0x6E40      	MOVWF       IntToStr_inword_L0 
0x0360	0xF041C039  	MOVFF       FARG_IntToStr_input+1, IntToStr_inword_L0+1
0x0364	0x0E00      	MOVLW       0
0x0366	0x5641      	SUBFWB      IntToStr_inword_L0+1, 1 
;__Lib_Conversions.c,206 :: 		
L_IntToStr37:
;__Lib_Conversions.c,207 :: 		
0x0368	0xF042C040  	MOVFF       IntToStr_inword_L0, FARG_WordToStr_input
0x036C	0xF043C041  	MOVFF       IntToStr_inword_L0+1, FARG_WordToStr_input+1
0x0370	0xF044C03A  	MOVFF       FARG_IntToStr_output, FARG_WordToStr_output
0x0374	0xF045C03B  	MOVFF       FARG_IntToStr_output+1, FARG_WordToStr_output+1
0x0378	0xDEFF      	RCALL       _WordToStr
;__Lib_Conversions.c,209 :: 		
0x037A	0x0E06      	MOVLW       6
0x037C	0x6E3C      	MOVWF       IntToStr_i_L0 
0x037E	0x0E00      	MOVLW       0
0x0380	0x6E3D      	MOVWF       IntToStr_i_L0+1 
;__Lib_Conversions.c,210 :: 		
L_IntToStr38:
0x0382	0x0E00      	MOVLW       0
0x0384	0x6E00      	MOVWF       R0 
0x0386	0x503D      	MOVF        IntToStr_i_L0+1, 0 
0x0388	0x5C00      	SUBWF       R0, 0 
0x038A	0xE102      	BNZ         L__IntToStr168
0x038C	0x503C      	MOVF        IntToStr_i_L0, 0 
0x038E	0x0800      	SUBLW       0
L__IntToStr168:
0x0390	0xE219      	BC          L_IntToStr39
;__Lib_Conversions.c,211 :: 		
0x0392	0x503C      	MOVF        IntToStr_i_L0, 0 
0x0394	0x243A      	ADDWF       FARG_IntToStr_output, 0 
0x0396	0x6EE1      	MOVWF       FSR1L 
0x0398	0x503D      	MOVF        IntToStr_i_L0+1, 0 
0x039A	0x203B      	ADDWFC      FARG_IntToStr_output+1, 0 
0x039C	0x6EE2      	MOVWF       FSR1L+1 
0x039E	0x0E01      	MOVLW       1
0x03A0	0x5C3C      	SUBWF       IntToStr_i_L0, 0 
0x03A2	0x6E00      	MOVWF       R0 
0x03A4	0x0E00      	MOVLW       0
0x03A6	0x583D      	SUBWFB      IntToStr_i_L0+1, 0 
0x03A8	0x6E01      	MOVWF       R1 
0x03AA	0x5000      	MOVF        R0, 0 
0x03AC	0x243A      	ADDWF       FARG_IntToStr_output, 0 
0x03AE	0x6EE9      	MOVWF       FSR0L 
0x03B0	0x5001      	MOVF        R1, 0 
0x03B2	0x203B      	ADDWFC      FARG_IntToStr_output+1, 0 
0x03B4	0x6EEA      	MOVWF       FSR0L+1 
0x03B6	0xFFE6CFEE  	MOVFF       POSTINC0, POSTINC1
;__Lib_Conversions.c,212 :: 		
0x03BA	0x0E01      	MOVLW       1
0x03BC	0x5E3C      	SUBWF       IntToStr_i_L0, 1 
0x03BE	0x0E00      	MOVLW       0
0x03C0	0x5A3D      	SUBWFB      IntToStr_i_L0+1, 1 
;__Lib_Conversions.c,213 :: 		
0x03C2	0xD7DF      	BRA         L_IntToStr38
L_IntToStr39:
;__Lib_Conversions.c,214 :: 		
0x03C4	0xFFE1C03A  	MOVFF       FARG_IntToStr_output, FSR1L
0x03C8	0xFFE2C03B  	MOVFF       FARG_IntToStr_output+1, FSR1H
0x03CC	0x0E20      	MOVLW       32
0x03CE	0x6EE6      	MOVWF       POSTINC1 
;__Lib_Conversions.c,215 :: 		
0x03D0	0x503E      	MOVF        IntToStr_negative_L0, 0 
0x03D2	0x103F      	IORWF       IntToStr_negative_L0+1, 0 
0x03D4	0xE01A      	BZ          L_IntToStr40
;__Lib_Conversions.c,216 :: 		
0x03D6	0x6A3C      	CLRF        IntToStr_i_L0 
0x03D8	0x6A3D      	CLRF        IntToStr_i_L0+1 
;__Lib_Conversions.c,217 :: 		
L_IntToStr41:
0x03DA	0x503C      	MOVF        IntToStr_i_L0, 0 
0x03DC	0x243A      	ADDWF       FARG_IntToStr_output, 0 
0x03DE	0x6EE9      	MOVWF       FSR0L 
0x03E0	0x503D      	MOVF        IntToStr_i_L0+1, 0 
0x03E2	0x203B      	ADDWFC      FARG_IntToStr_output+1, 0 
0x03E4	0x6EEA      	MOVWF       FSR0L+1 
0x03E6	0x50EE      	MOVF        POSTINC0, 0 
0x03E8	0x0A20      	XORLW       32
0x03EA	0xE103      	BNZ         L_IntToStr42
0x03EC	0x4A3C      	INFSNZ      IntToStr_i_L0, 1 
0x03EE	0x2A3D      	INCF        IntToStr_i_L0+1, 1 
0x03F0	0xD7F4      	BRA         L_IntToStr41
L_IntToStr42:
;__Lib_Conversions.c,218 :: 		
0x03F2	0x0E01      	MOVLW       1
0x03F4	0x5E3C      	SUBWF       IntToStr_i_L0, 1 
0x03F6	0x0E00      	MOVLW       0
0x03F8	0x5A3D      	SUBWFB      IntToStr_i_L0+1, 1 
;__Lib_Conversions.c,219 :: 		
0x03FA	0x503C      	MOVF        IntToStr_i_L0, 0 
0x03FC	0x243A      	ADDWF       FARG_IntToStr_output, 0 
0x03FE	0x6EE1      	MOVWF       FSR1L 
0x0400	0x503D      	MOVF        IntToStr_i_L0+1, 0 
0x0402	0x203B      	ADDWFC      FARG_IntToStr_output+1, 0 
0x0404	0x6EE2      	MOVWF       FSR1L+1 
0x0406	0x0E2D      	MOVLW       45
0x0408	0x6EE6      	MOVWF       POSTINC1 
L_IntToStr40:
;__Lib_Conversions.c,220 :: 		
L_end_IntToStr:
0x040A	0x0012      	RETURN      0
; end of _IntToStr
_Mul_16X16_U:
;__Lib_Math.c,440 :: 		
;__Lib_Math.c,447 :: 		
0x040C	0x6A0B      	CLRF        R11, 0
;__Lib_Math.c,448 :: 		
0x040E	0x6A0A      	CLRF        R10, 0
;__Lib_Math.c,449 :: 		
0x0410	0x6A09      	CLRF        R9, 0
;__Lib_Math.c,450 :: 		
0x0412	0x5000      	MOVF        R0, 0, 0
;__Lib_Math.c,451 :: 		
0x0414	0x0204      	MULWF       R4, 0
;__Lib_Math.c,453 :: 		
0x0416	0xF009CFF4  	MOVFF       PRODH, R9
;__Lib_Math.c,454 :: 		
0x041A	0xF008CFF3  	MOVFF       PRODL, R8
;__Lib_Math.c,455 :: 		
0x041E	0x5001      	MOVF        R1, 0, 0
;__Lib_Math.c,456 :: 		
0x0420	0x0205      	MULWF       R5, 0
;__Lib_Math.c,458 :: 		
0x0422	0xF00BCFF4  	MOVFF       PRODH, R11
;__Lib_Math.c,459 :: 		
0x0426	0xF00ACFF3  	MOVFF       PRODL, R10
;__Lib_Math.c,460 :: 		
0x042A	0x5000      	MOVF        R0, 0, 0
;__Lib_Math.c,461 :: 		
0x042C	0x0205      	MULWF       R5, 0
;__Lib_Math.c,463 :: 		
0x042E	0x50F3      	MOVF        PRODL, 0, 0
;__Lib_Math.c,464 :: 		
0x0430	0x2609      	ADDWF       R9, 1, 0
;__Lib_Math.c,465 :: 		
0x0432	0x50F4      	MOVF        PRODH, 0, 0
;__Lib_Math.c,466 :: 		
0x0434	0x220A      	ADDWFC      R10, 1, 0
;__Lib_Math.c,467 :: 		
0x0436	0x6AE8      	CLRF        WREG, 0
;__Lib_Math.c,468 :: 		
0x0438	0x220B      	ADDWFC      R11, 1, 0
;__Lib_Math.c,469 :: 		
0x043A	0x5001      	MOVF        R1, 0, 0
;__Lib_Math.c,470 :: 		
0x043C	0x0204      	MULWF       R4, 0
;__Lib_Math.c,472 :: 		
0x043E	0x50F3      	MOVF        PRODL, 0, 0
;__Lib_Math.c,473 :: 		
0x0440	0x2609      	ADDWF       R9, 1, 0
;__Lib_Math.c,474 :: 		
0x0442	0x50F4      	MOVF        PRODH, 0, 0
;__Lib_Math.c,475 :: 		
0x0444	0x220A      	ADDWFC      R10, 1, 0
;__Lib_Math.c,476 :: 		
0x0446	0x6AE8      	CLRF        WREG, 0
;__Lib_Math.c,477 :: 		
0x0448	0x220B      	ADDWFC      R11, 1, 0
;__Lib_Math.c,479 :: 		
0x044A	0xF000C008  	MOVFF       R8, R0
;__Lib_Math.c,480 :: 		
0x044E	0xF001C009  	MOVFF       R9, R1
;__Lib_Math.c,481 :: 		
0x0452	0xF002C00A  	MOVFF       R10, R2
;__Lib_Math.c,482 :: 		
0x0456	0xF003C00B  	MOVFF       R11, R3
;__Lib_Math.c,485 :: 		
L_end_Mul_16X16_U:
0x045A	0x0012      	RETURN      0
; end of _Mul_16X16_U
_main:
0x045C	0xF002ECBF  	CALL        1406, 0
;Sonar.c,22 :: 		void main() {
;Sonar.c,24 :: 		char *adc_label_sonar = "ADC:";
0x0460	0x0E1A      	MOVLW       ?lstr1_Sonar
0x0462	0x6E34      	MOVWF       main_adc_label_sonar_L0 
0x0464	0x0E00      	MOVLW       hi_addr(?lstr1_Sonar)
0x0466	0x6E35      	MOVWF       main_adc_label_sonar_L0+1 
0x0468	0x0E1F      	MOVLW       ?lstr2_Sonar
0x046A	0x6E36      	MOVWF       main_ccp_label_sonar_L0 
0x046C	0x0E00      	MOVLW       hi_addr(?lstr2_Sonar)
0x046E	0x6E37      	MOVWF       main_ccp_label_sonar_L0+1 
;Sonar.c,29 :: 		ADCON0 = 0b00111101;
0x0470	0x0E3D      	MOVLW       61
0x0472	0x6EC2      	MOVWF       ADCON0 
;Sonar.c,30 :: 		ADCON1 = 0;
0x0474	0x6AC1      	CLRF        ADCON1 
;Sonar.c,32 :: 		ADCON2.ADFM = 0;
0x0476	0x9EC0      	BCF         ADCON2, 7 
;Sonar.c,33 :: 		ADCON2.ADCS0 = 1;
0x0478	0x80C0      	BSF         ADCON2, 0 
;Sonar.c,34 :: 		ADCON2.ADCS1 = 0;
0x047A	0x92C0      	BCF         ADCON2, 1 
;Sonar.c,35 :: 		ADCON2.ADCS2 = 0;
0x047C	0x94C0      	BCF         ADCON2, 2 
;Sonar.c,36 :: 		ADCON2.ACQT0 = 0;
0x047E	0x96C0      	BCF         ADCON2, 3 
;Sonar.c,37 :: 		ADCON2.ACQT1 = 0;
0x0480	0x98C0      	BCF         ADCON2, 4 
;Sonar.c,38 :: 		ADCON2.ACQT2 = 1;
0x0482	0x8AC0      	BSF         ADCON2, 5 
;Sonar.c,40 :: 		CCP1CON.CCP1M3 = 0;
0x0484	0x96BD      	BCF         CCP1CON, 3 
;Sonar.c,41 :: 		CCP1CON.CCP1M2 = 1;
0x0486	0x84BD      	BSF         CCP1CON, 2 
;Sonar.c,42 :: 		CCP1CON.CCP1M1 = 0;
0x0488	0x92BD      	BCF         CCP1CON, 1 
;Sonar.c,43 :: 		CCP1CON.CCP1M0 = 1;
0x048A	0x80BD      	BSF         CCP1CON, 0 
;Sonar.c,45 :: 		T1CON = 0b01110011;
0x048C	0x0E73      	MOVLW       115
0x048E	0x6ECD      	MOVWF       T1CON 
;Sonar.c,47 :: 		TRISD = 0;
0x0490	0x6A95      	CLRF        TRISD 
;Sonar.c,48 :: 		ANSELC.RC2 = 0;
0x0492	0x010F      	MOVLB       15
0x0494	0x953A      	BCF         ANSELC, 2, 1
;Sonar.c,51 :: 		Lcd_Init();
0x0496	0xDEBE      	RCALL       _Lcd_Init
;Sonar.c,52 :: 		Lcd_Cmd(_LCD_CLEAR);
0x0498	0x0E01      	MOVLW       1
0x049A	0x6E49      	MOVWF       FARG_Lcd_Cmd_out_char 
0x049C	0xDE2F      	RCALL       _Lcd_Cmd
;Sonar.c,53 :: 		Lcd_Cmd(_LCD_CURSOR_OFF);
0x049E	0x0E0C      	MOVLW       12
0x04A0	0x6E49      	MOVWF       FARG_Lcd_Cmd_out_char 
0x04A2	0xDE2C      	RCALL       _Lcd_Cmd
;Sonar.c,54 :: 		lcd_Out(1,1,adc_label_sonar);
0x04A4	0x0E01      	MOVLW       1
0x04A6	0x6E38      	MOVWF       FARG_Lcd_Out_row 
0x04A8	0x0E01      	MOVLW       1
0x04AA	0x6E39      	MOVWF       FARG_Lcd_Out_column 
0x04AC	0xF03AC034  	MOVFF       main_adc_label_sonar_L0, FARG_Lcd_Out_text
0x04B0	0xF03BC035  	MOVFF       main_adc_label_sonar_L0+1, FARG_Lcd_Out_text+1
0x04B4	0xDF02      	RCALL       _Lcd_Out
;Sonar.c,55 :: 		lcd_Out(2,1,ccp_label_sonar);
0x04B6	0x0E02      	MOVLW       2
0x04B8	0x6E38      	MOVWF       FARG_Lcd_Out_row 
0x04BA	0x0E01      	MOVLW       1
0x04BC	0x6E39      	MOVWF       FARG_Lcd_Out_column 
0x04BE	0xF03AC036  	MOVFF       main_ccp_label_sonar_L0, FARG_Lcd_Out_text
0x04C2	0xF03BC037  	MOVFF       main_ccp_label_sonar_L0+1, FARG_Lcd_Out_text+1
0x04C6	0xDEF9      	RCALL       _Lcd_Out
;Sonar.c,57 :: 		PIE1.ADIE = 1;
0x04C8	0x8C9D      	BSF         PIE1, 6 
;Sonar.c,58 :: 		PIE1.CCP1IE = 1;
0x04CA	0x849D      	BSF         PIE1, 2 
;Sonar.c,59 :: 		PIE1.TMR1IE = 1;
0x04CC	0x809D      	BSF         PIE1, 0 
;Sonar.c,60 :: 		PIR1.ADIF = 0;
0x04CE	0x9C9E      	BCF         PIR1, 6 
;Sonar.c,61 :: 		PIR1.CCP1IF = 0;
0x04D0	0x949E      	BCF         PIR1, 2 
;Sonar.c,62 :: 		PIR1.TMR1IF = 0;
0x04D2	0x909E      	BCF         PIR1, 0 
;Sonar.c,63 :: 		INTCON.PEIE = 1;
0x04D4	0x8CF2      	BSF         INTCON, 6 
;Sonar.c,66 :: 		INTCON.GIE = 1;
0x04D6	0x8EF2      	BSF         INTCON, 7 
;Sonar.c,67 :: 		ADCON0.GO_NOT_DONE = 1;
0x04D8	0x82C2      	BSF         ADCON0, 1 
;Sonar.c,69 :: 		while (1)
L_main0:
;Sonar.c,71 :: 		if (dist != dist_prev)
0x04DA	0x502B      	MOVF        _dist+1, 0 
0x04DC	0x1827      	XORWF       _dist_prev+1, 0 
0x04DE	0xE102      	BNZ         L__main13
0x04E0	0x5026      	MOVF        _dist_prev, 0 
0x04E2	0x182A      	XORWF       _dist, 0 
L__main13:
0x04E4	0xE01F      	BZ          L_main2
;Sonar.c,73 :: 		dist_prev = dist;
0x04E6	0xF026C02A  	MOVFF       _dist, _dist_prev
0x04EA	0xF027C02B  	MOVFF       _dist+1, _dist_prev+1
;Sonar.c,74 :: 		IntToStr(dist * 5,adc_lcd);
0x04EE	0xF000C02A  	MOVFF       _dist, R0
0x04F2	0xF001C02B  	MOVFF       _dist+1, R1
0x04F6	0x0E05      	MOVLW       5
0x04F8	0x6E04      	MOVWF       R4 
0x04FA	0x0E00      	MOVLW       0
0x04FC	0x6E05      	MOVWF       R5 
0x04FE	0xDF86      	RCALL       _Mul_16X16_U
0x0500	0xF038C000  	MOVFF       R0, FARG_IntToStr_input
0x0504	0xF039C001  	MOVFF       R1, FARG_IntToStr_input+1
0x0508	0x0E2D      	MOVLW       main_adc_lcd_L0
0x050A	0x6E3A      	MOVWF       FARG_IntToStr_output 
0x050C	0x0E00      	MOVLW       hi_addr(main_adc_lcd_L0)
0x050E	0x6E3B      	MOVWF       FARG_IntToStr_output+1 
0x0510	0xDF11      	RCALL       _IntToStr
;Sonar.c,75 :: 		Lcd_Out(1,11,adc_lcd);
0x0512	0x0E01      	MOVLW       1
0x0514	0x6E38      	MOVWF       FARG_Lcd_Out_row 
0x0516	0x0E0B      	MOVLW       11
0x0518	0x6E39      	MOVWF       FARG_Lcd_Out_column 
0x051A	0x0E2D      	MOVLW       main_adc_lcd_L0
0x051C	0x6E3A      	MOVWF       FARG_Lcd_Out_text 
0x051E	0x0E00      	MOVLW       hi_addr(main_adc_lcd_L0)
0x0520	0x6E3B      	MOVWF       FARG_Lcd_Out_text+1 
0x0522	0xDECB      	RCALL       _Lcd_Out
;Sonar.c,76 :: 		}
L_main2:
;Sonar.c,77 :: 		if ((t_ccp != t_ccp_prev) && ccp_finished)
0x0524	0x5029      	MOVF        _t_ccp+1, 0 
0x0526	0x1825      	XORWF       _t_ccp_prev+1, 0 
0x0528	0xE102      	BNZ         L__main14
0x052A	0x5024      	MOVF        _t_ccp_prev, 0 
0x052C	0x1828      	XORWF       _t_ccp, 0 
L__main14:
0x052E	0xE01B      	BZ          L_main5
0x0530	0x5018      	MOVF        _ccp_finished, 0 
0x0532	0x1019      	IORWF       _ccp_finished+1, 0 
0x0534	0xE018      	BZ          L_main5
L__main11:
;Sonar.c,79 :: 		t_ccp_prev = t_ccp;
0x0536	0xF024C028  	MOVFF       _t_ccp, _t_ccp_prev
0x053A	0xF025C029  	MOVFF       _t_ccp+1, _t_ccp_prev+1
;Sonar.c,80 :: 		IntToStr(t_ccp, adc_lcd);
0x053E	0xF038C028  	MOVFF       _t_ccp, FARG_IntToStr_input
0x0542	0xF039C029  	MOVFF       _t_ccp+1, FARG_IntToStr_input+1
0x0546	0x0E2D      	MOVLW       main_adc_lcd_L0
0x0548	0x6E3A      	MOVWF       FARG_IntToStr_output 
0x054A	0x0E00      	MOVLW       hi_addr(main_adc_lcd_L0)
0x054C	0x6E3B      	MOVWF       FARG_IntToStr_output+1 
0x054E	0xDEF2      	RCALL       _IntToStr
;Sonar.c,81 :: 		Lcd_Out(2,11,adc_lcd);
0x0550	0x0E02      	MOVLW       2
0x0552	0x6E38      	MOVWF       FARG_Lcd_Out_row 
0x0554	0x0E0B      	MOVLW       11
0x0556	0x6E39      	MOVWF       FARG_Lcd_Out_column 
0x0558	0x0E2D      	MOVLW       main_adc_lcd_L0
0x055A	0x6E3A      	MOVWF       FARG_Lcd_Out_text 
0x055C	0x0E00      	MOVLW       hi_addr(main_adc_lcd_L0)
0x055E	0x6E3B      	MOVWF       FARG_Lcd_Out_text+1 
0x0560	0xDEAC      	RCALL       _Lcd_Out
;Sonar.c,82 :: 		ccp_finished = 0;
0x0562	0x6A18      	CLRF        _ccp_finished 
0x0564	0x6A19      	CLRF        _ccp_finished+1 
;Sonar.c,83 :: 		}
L_main5:
;Sonar.c,84 :: 		}
0x0566	0xD7B9      	BRA         L_main0
;Sonar.c,85 :: 		}
L_end_main:
0x0568	0xD7FF      	BRA         $+0
; end of _main
0x057E	0xF018EE10  	LFSR        1, 24
0x0582	0x0E14      	MOVLW       20
0x0584	0x6E00      	MOVWF       R0 
0x0586	0x0E01      	MOVLW       1
0x0588	0x6E01      	MOVWF       R1 
0x058A	0x0E6A      	MOVLW       106
0x058C	0x6EF6      	MOVWF       TBLPTR 
0x058E	0x0E05      	MOVLW       5
0x0590	0x6EF7      	MOVWF       TBLPTRH 
0x0592	0x0E00      	MOVLW       0
0x0594	0x6EF8      	MOVWF       TBLPTRU 
0x0596	0xF001EC55  	CALL        682, 0
0x059A	0x0012      	RETURN      0
;Sonar.c,0 :: ?ICS_ccp_finished
0x056A	0x0000 ;?ICS_ccp_finished+0
; end of ?ICS_ccp_finished
;Sonar.c,0 :: ?ICS?lstr1_Sonar
0x056C	0x4441 ;?ICS?lstr1_Sonar+0
0x056E	0x3A43 ;?ICS?lstr1_Sonar+2
0x0570	0x00 ;?ICS?lstr1_Sonar+4
; end of ?ICS?lstr1_Sonar
;Sonar.c,0 :: ?ICS?lstr2_Sonar
0x0571	0x4343 ;?ICS?lstr2_Sonar+0
0x0573	0x3A50 ;?ICS?lstr2_Sonar+2
0x0575	0x00 ;?ICS?lstr2_Sonar+4
; end of ?ICS?lstr2_Sonar
;Sonar.c,0 :: ?ICS_t_ccp_prev
0x0576	0x0000 ;?ICS_t_ccp_prev+0
; end of ?ICS_t_ccp_prev
;Sonar.c,0 :: ?ICS_dist_prev
0x0578	0x0000 ;?ICS_dist_prev+0
; end of ?ICS_dist_prev
;Sonar.c,0 :: ?ICS_t_ccp
0x057A	0x0000 ;?ICS_t_ccp+0
; end of ?ICS_t_ccp
;Sonar.c,0 :: ?ICS_dist
0x057C	0x0000 ;?ICS_dist+0
; end of ?ICS_dist
Symbol List:
//** Routines locations **
//ADDRESS    SIZE    PROCEDURE
//----------------------------------------------
0x0008     [152]    _interrupt
0x00A0      [10]    _Delay_50us
0x00AA      [22]    _Delay_5500us
0x00C0       [6]    _Delay_1us
0x00C6      [54]    _Div_16X16_U
0x00FC     [124]    _Lcd_Cmd
0x0178     [144]    _WordToStr
0x0208      [12]    _Lcd_Chr_CP
0x0214     [150]    _Lcd_Init
0x02AA      [16]    ___CC2DW
0x02BA     [122]    _Lcd_Out
0x0334     [216]    _IntToStr
0x040C      [80]    _Mul_16X16_U
0x045C     [270]    _main
//** Variables locations ** 
//ADDRESS    SIZE    VARIABLE
//----------------------------------------------
0x0000       [1]    R0
0x0001       [1]    R1
0x0002       [2]    strlen_cp_L0
0x0002       [2]    memset_pp_L0
0x0002       [2]    memcpy_dd_L0
0x0002       [1]    R2
0x0002       [2]    memchr_s_L0
0x0003       [2]    memmove_tt_L0
0x0003       [2]    Ltrim_original_L0
0x0003       [1]    R3
0x0004       [2]    strcat_cp_L0
0x0004       [2]    strcpy_cp_L0
0x0004       [2]    strncat_cp_L0
0x0004       [1]    R4
0x0004       [2]    memcpy_ss_L0
0x0004       [2]    strncpy_cp_L0
0x0005       [2]    Ltrim_p_L0
0x0005       [2]    LongWordToHex_input_half_L0
0x0005       [1]    R5
0x0005       [2]    memmove_ff_L0
0x0005       [2]    LongIntToHex_input_half_L0
0x0006       [1]    R6
0x0007       [1]    R7
0x0008       [1]    R8
0x0009       [1]    R9
0x000A       [1]    R10
0x000B       [1]    R11
0x000C       [1]    R12
0x000D       [1]    R13
0x000E       [1]    R14
0x000F       [1]    R15
0x0010       [1]    R16
0x0011       [1]    R17
0x0012       [1]    R18
0x0013       [1]    R19
0x0014       [1]    R20
0x0018       [2]    _ccp_finished
0x001A       [5]    ?lstr1_Sonar
0x001F       [5]    ?lstr2_Sonar
0x0024       [2]    _t_ccp_prev
0x0026       [2]    _dist_prev
0x0028       [2]    _t_ccp
0x002A       [2]    _dist
0x002C       [0]    __Lib_Lcd_cmd_status
0x002D       [7]    main_adc_lcd_L0
0x0034       [2]    main_adc_label_sonar_L0
0x0036       [2]    main_ccp_label_sonar_L0
0x0038       [2]    FARG_IntToStr_input
0x0038       [1]    FARG_Lcd_Out_row
0x0039       [1]    FARG_Lcd_Out_column
0x003A       [2]    FARG_Lcd_Out_text
0x003A       [2]    FARG_IntToStr_output
0x003C       [2]    IntToStr_i_L0
0x003C       [1]    Lcd_Out_i_L0
0x003E       [2]    IntToStr_negative_L0
0x0040       [2]    IntToStr_inword_L0
0x0042       [1]    FARG_Lcd_Chr_CP_out_char
0x0042       [2]    FARG_WordToStr_input
0x0044       [2]    FARG_WordToStr_output
0x0046       [1]    WordToStr_len_L0
0x0047       [2]    FLOC__WordToStr
0x0049       [1]    FARG_Lcd_Cmd_out_char
0x0F3A       [1]    ANSELC
0x0F8A       [0]    LATB2_bit
0x0F8A       [0]    LCD_D7
0x0F8A       [0]    LATB1_bit
0x0F8A       [0]    LATB0_bit
0x0F8A       [0]    LATB3_bit
0x0F8A       [0]    LATB4_bit
0x0F8A       [0]    LATB5_bit
0x0F8A       [0]    LCD_D4
0x0F8A       [0]    LCD_D5
0x0F8A       [0]    LCD_D6
0x0F8A       [0]    LCD_RS
0x0F8A       [0]    LCD_EN
0x0F93       [0]    TRISB5_bit
0x0F93       [0]    TRISB3_bit
0x0F93       [0]    TRISB1_bit
0x0F93       [0]    TRISB0_bit
0x0F93       [0]    TRISB4_bit
0x0F93       [0]    LCD_D4_Direction
0x0F93       [0]    TRISB2_bit
0x0F93       [0]    LCD_EN_Direction
0x0F93       [0]    LCD_D5_Direction
0x0F93       [0]    LCD_D6_Direction
0x0F93       [0]    LCD_D7_Direction
0x0F93       [0]    LCD_RS_Direction
0x0F95       [1]    TRISD
0x0F9D       [1]    PIE1
0x0F9E       [1]    PIR1
0x0FBD       [1]    CCP1CON
0x0FBE       [1]    CCPR1L
0x0FBF       [1]    CCPR1H
0x0FC0       [1]    ADCON2
0x0FC1       [1]    ADCON1
0x0FC2       [1]    ADCON0
0x0FC3       [1]    ADRESL
0x0FC4       [1]    ADRESH
0x0FCD       [1]    T1CON
0x0FD8       [1]    STATUS
0x0FD9       [1]    FSR2L
0x0FDA       [1]    FSR2H
0x0FDE       [1]    POSTINC2
0x0FE0       [1]    BSR
0x0FE1       [1]    FSR1L
0x0FE2       [1]    FSR1H
0x0FE4       [1]    PREINC1
0x0FE6       [1]    POSTINC1
0x0FE7       [1]    INDF1
0x0FE8       [1]    WREG
0x0FE9       [1]    FSR0L
0x0FEA       [1]    FSR0H
0x0FEE       [1]    POSTINC0
0x0FF2       [1]    INTCON
0x0FF3       [1]    PRODL
0x0FF4       [1]    PRODH
0x0FF5       [1]    TABLAT
0x0FF6       [3]    TBLPTR
0x0FF6       [1]    TBLPTRL
0x0FF7       [1]    TBLPTRH
0x0FF8       [1]    TBLPTRU
//** Constants locations ** 
//ADDRESS    SIZE    CONSTANT
//----------------------------------------------
0x056A       [2]    ?ICS_ccp_finished
0x056C       [5]    ?ICS?lstr1_Sonar
0x0571       [5]    ?ICS?lstr2_Sonar
0x0576       [2]    ?ICS_t_ccp_prev
0x0578       [2]    ?ICS_dist_prev
0x057A       [2]    ?ICS_t_ccp
0x057C       [2]    ?ICS_dist
