;  LST file generated by mikroListExporter - v.2.0 
; Date/Time: 5/4/2022 5:25:26 PM
;----------------------------------------------

;Address Opcode 	ASM
0x0000	0xF002EF41  	GOTO        1154
_interrupt:
;ADC_Interrupt.c,126 :: 		void interrupt(){
0x0008	0xF01BC000  	MOVFF       R0, 27
0x000C	0xF01AC001  	MOVFF       R1, 26
0x0010	0xF019C002  	MOVFF       R2, 25
0x0014	0xF018C004  	MOVFF       R4, 24
0x0018	0xF017C005  	MOVFF       R5, 23
0x001C	0xF016C008  	MOVFF       R8, 22
0x0020	0xF015C009  	MOVFF       R9, 21
;ADC_Interrupt.c,128 :: 		if (PIR1.ADIF)
0x0024	0xAC9E      	BTFSS       PIR1, 6 
0x0026	0xD040      	BRA         L_interrupt4
;ADC_Interrupt.c,130 :: 		if (ADCON0.CHS0 == 0)
0x0028	0xB4C2      	BTFSC       ADCON0, 2 
0x002A	0xD02A      	BRA         L_interrupt5
;ADC_Interrupt.c,132 :: 		adc_prev_ra0 = adc_ra0;
0x002C	0xF030C02E  	MOVFF       _adc_ra0, _adc_prev_ra0
0x0030	0xF031C02F  	MOVFF       _adc_ra0+1, _adc_prev_ra0+1
;ADC_Interrupt.c,133 :: 		adc_ra0 = ((ADRESH << 2) + (ADRESL >> 6))*5;
0x0034	0xF002CFC4  	MOVFF       ADRESH, R2
0x0038	0x0E00      	MOVLW       0
0x003A	0x6E03      	MOVWF       R3 
0x003C	0x3602      	RLCF        R2, 1 
0x003E	0x9002      	BCF         R2, 0 
0x0040	0x3603      	RLCF        R3, 1 
0x0042	0x3602      	RLCF        R2, 1 
0x0044	0x9002      	BCF         R2, 0 
0x0046	0x3603      	RLCF        R3, 1 
0x0048	0x0E06      	MOVLW       6
0x004A	0x6E01      	MOVWF       R1 
0x004C	0xF000CFC3  	MOVFF       ADRESL, R0
0x0050	0x5001      	MOVF        R1, 0 
L__interrupt12:
0x0052	0xE004      	BZ          L__interrupt13
0x0054	0x3200      	RRCF        R0, 1 
0x0056	0x9E00      	BCF         R0, 7 
0x0058	0x0FFF      	ADDLW       255
0x005A	0xD7FB      	BRA         L__interrupt12
L__interrupt13:
0x005C	0x0E00      	MOVLW       0
0x005E	0x6E01      	MOVWF       R1 
0x0060	0x5002      	MOVF        R2, 0 
0x0062	0x2600      	ADDWF       R0, 1 
0x0064	0x5003      	MOVF        R3, 0 
0x0066	0x2201      	ADDWFC      R1, 1 
0x0068	0x0E05      	MOVLW       5
0x006A	0x6E04      	MOVWF       R4 
0x006C	0x0E00      	MOVLW       0
0x006E	0x6E05      	MOVWF       R5 
0x0070	0xD8EC      	RCALL       _Mul_16X16_U
0x0072	0xF02EC000  	MOVFF       R0, _adc_ra0
0x0076	0xF02FC001  	MOVFF       R1, _adc_ra0+1
;ADC_Interrupt.c,134 :: 		ADCON0.GO_NOT_DONE = 1;
0x007A	0x82C2      	BSF         ADCON0, 1 
;ADC_Interrupt.c,135 :: 		ADCON0.CHS0 = 1;
0x007C	0x84C2      	BSF         ADCON0, 2 
;ADC_Interrupt.c,136 :: 		}
0x007E	0xD013      	BRA         L_interrupt6
L_interrupt5:
;ADC_Interrupt.c,138 :: 		adc_prev_ra1 = adc_ra1;
0x0080	0xF033C035  	MOVFF       _adc_ra1, _adc_prev_ra1
0x0084	0xF034C036  	MOVFF       _adc_ra1+1, _adc_prev_ra1+1
;ADC_Interrupt.c,139 :: 		adc_ra1 = (ADRESH)*(5000/256);
0x0088	0xF000CFC4  	MOVFF       ADRESH, R0
0x008C	0x0E00      	MOVLW       0
0x008E	0x6E01      	MOVWF       R1 
0x0090	0x0E13      	MOVLW       19
0x0092	0x6E04      	MOVWF       R4 
0x0094	0x0E00      	MOVLW       0
0x0096	0x6E05      	MOVWF       R5 
0x0098	0xD8D8      	RCALL       _Mul_16X16_U
0x009A	0xF035C000  	MOVFF       R0, _adc_ra1
0x009E	0xF036C001  	MOVFF       R1, _adc_ra1+1
;ADC_Interrupt.c,140 :: 		ADCON0.GO_NOT_DONE = 1;
0x00A2	0x82C2      	BSF         ADCON0, 1 
;ADC_Interrupt.c,141 :: 		ADCON0.CHS0 = 0;
0x00A4	0x94C2      	BCF         ADCON0, 2 
;ADC_Interrupt.c,142 :: 		}
L_interrupt6:
;ADC_Interrupt.c,143 :: 		PIR1.ADIF = 0;
0x00A6	0x9C9E      	BCF         PIR1, 6 
;ADC_Interrupt.c,144 :: 		}
L_interrupt4:
;ADC_Interrupt.c,147 :: 		}
L_end_interrupt:
L__interrupt11:
0x00A8	0xF000C01B  	MOVFF       27, R0
0x00AC	0xF001C01A  	MOVFF       26, R1
0x00B0	0xF002C019  	MOVFF       25, R2
0x00B4	0xF004C018  	MOVFF       24, R4
0x00B8	0xF005C017  	MOVFF       23, R5
0x00BC	0xF008C016  	MOVFF       22, R8
0x00C0	0xF009C015  	MOVFF       21, R9
0x00C4	0x0011      	RETFIE      1
; end of _interrupt
_Delay_5500us:
;__Lib_Delays.c,31 :: 		void Delay_5500us() {
;__Lib_Delays.c,32 :: 		Delay_us(5500);
0x00C6	0x0E0F      	MOVLW       15
0x00C8	0x6E0C      	MOVWF       R12, 0
0x00CA	0x0E47      	MOVLW       71
0x00CC	0x6E0D      	MOVWF       R13, 0
L_Delay_5500us5:
0x00CE	0x2E0D      	DECFSZ      R13, 1, 0
0x00D0	0xD7FE      	BRA         L_Delay_5500us5
0x00D2	0x2E0C      	DECFSZ      R12, 1, 0
0x00D4	0xD7FC      	BRA         L_Delay_5500us5
0x00D6	0x0000      	NOP
0x00D8	0x0000      	NOP
;__Lib_Delays.c,33 :: 		}
L_end_Delay_5500us:
0x00DA	0x0012      	RETURN      0
; end of _Delay_5500us
_Delay_50us:
;__Lib_Delays.c,19 :: 		void Delay_50us() {
;__Lib_Delays.c,20 :: 		Delay_us(50);
0x00DC	0x0E21      	MOVLW       33
0x00DE	0x6E0D      	MOVWF       R13, 0
L_Delay_50us2:
0x00E0	0x2E0D      	DECFSZ      R13, 1, 0
0x00E2	0xD7FE      	BRA         L_Delay_50us2
;__Lib_Delays.c,21 :: 		}
L_end_Delay_50us:
0x00E4	0x0012      	RETURN      0
; end of _Delay_50us
_Delay_1us:
;__Lib_Delays.c,7 :: 		void Delay_1us() {
;__Lib_Delays.c,8 :: 		Delay_us(1);
0x00E6	0x0000      	NOP
0x00E8	0x0000      	NOP
;__Lib_Delays.c,9 :: 		}
L_end_Delay_1us:
0x00EA	0x0012      	RETURN      0
; end of _Delay_1us
_Lcd_Cmd:
;__Lib_Lcd.c,18 :: 		
;__Lib_Lcd.c,20 :: 		
0x00EC	0xBE53      	BTFSC       FARG_Lcd_Cmd_out_char, 7 
0x00EE	0xD002      	BRA         L__Lcd_Cmd21
0x00F0	0x968A      	BCF         LCD_D7, BitPos(LCD_D7+0) 
0x00F2	0xD001      	BRA         L__Lcd_Cmd22
L__Lcd_Cmd21:
0x00F4	0x868A      	BSF         LCD_D7, BitPos(LCD_D7+0) 
L__Lcd_Cmd22:
;__Lib_Lcd.c,21 :: 		
0x00F6	0xBC53      	BTFSC       FARG_Lcd_Cmd_out_char, 6 
0x00F8	0xD002      	BRA         L__Lcd_Cmd23
0x00FA	0x948A      	BCF         LCD_D6, BitPos(LCD_D6+0) 
0x00FC	0xD001      	BRA         L__Lcd_Cmd24
L__Lcd_Cmd23:
0x00FE	0x848A      	BSF         LCD_D6, BitPos(LCD_D6+0) 
L__Lcd_Cmd24:
;__Lib_Lcd.c,22 :: 		
0x0100	0xBA53      	BTFSC       FARG_Lcd_Cmd_out_char, 5 
0x0102	0xD002      	BRA         L__Lcd_Cmd25
0x0104	0x928A      	BCF         LCD_D5, BitPos(LCD_D5+0) 
0x0106	0xD001      	BRA         L__Lcd_Cmd26
L__Lcd_Cmd25:
0x0108	0x828A      	BSF         LCD_D5, BitPos(LCD_D5+0) 
L__Lcd_Cmd26:
;__Lib_Lcd.c,23 :: 		
0x010A	0xB853      	BTFSC       FARG_Lcd_Cmd_out_char, 4 
0x010C	0xD002      	BRA         L__Lcd_Cmd27
0x010E	0x908A      	BCF         LCD_D4, BitPos(LCD_D4+0) 
0x0110	0xD001      	BRA         L__Lcd_Cmd28
L__Lcd_Cmd27:
0x0112	0x808A      	BSF         LCD_D4, BitPos(LCD_D4+0) 
L__Lcd_Cmd28:
;__Lib_Lcd.c,25 :: 		
0x0114	0xB032      	BTFSC       __Lib_Lcd_cmd_status, BitPos(__Lib_Lcd_cmd_status+0) 
0x0116	0xD002      	BRA         L__Lcd_Cmd29
0x0118	0x888A      	BSF         LCD_RS, BitPos(LCD_RS+0) 
0x011A	0xD001      	BRA         L__Lcd_Cmd30
L__Lcd_Cmd29:
0x011C	0x988A      	BCF         LCD_RS, BitPos(LCD_RS+0) 
L__Lcd_Cmd30:
;__Lib_Lcd.c,28 :: 		
0x011E	0x8A8A      	BSF         LCD_EN, BitPos(LCD_EN+0) 
;__Lib_Lcd.c,29 :: 		
0x0120	0xDFE2      	RCALL       _Delay_1us
;__Lib_Lcd.c,30 :: 		
0x0122	0x9A8A      	BCF         LCD_EN, BitPos(LCD_EN+0) 
;__Lib_Lcd.c,33 :: 		
0x0124	0xB653      	BTFSC       FARG_Lcd_Cmd_out_char, 3 
0x0126	0xD002      	BRA         L__Lcd_Cmd31
0x0128	0x968A      	BCF         LCD_D7, BitPos(LCD_D7+0) 
0x012A	0xD001      	BRA         L__Lcd_Cmd32
L__Lcd_Cmd31:
0x012C	0x868A      	BSF         LCD_D7, BitPos(LCD_D7+0) 
L__Lcd_Cmd32:
;__Lib_Lcd.c,34 :: 		
0x012E	0xB453      	BTFSC       FARG_Lcd_Cmd_out_char, 2 
0x0130	0xD002      	BRA         L__Lcd_Cmd33
0x0132	0x948A      	BCF         LCD_D6, BitPos(LCD_D6+0) 
0x0134	0xD001      	BRA         L__Lcd_Cmd34
L__Lcd_Cmd33:
0x0136	0x848A      	BSF         LCD_D6, BitPos(LCD_D6+0) 
L__Lcd_Cmd34:
;__Lib_Lcd.c,35 :: 		
0x0138	0xB253      	BTFSC       FARG_Lcd_Cmd_out_char, 1 
0x013A	0xD002      	BRA         L__Lcd_Cmd35
0x013C	0x928A      	BCF         LCD_D5, BitPos(LCD_D5+0) 
0x013E	0xD001      	BRA         L__Lcd_Cmd36
L__Lcd_Cmd35:
0x0140	0x828A      	BSF         LCD_D5, BitPos(LCD_D5+0) 
L__Lcd_Cmd36:
;__Lib_Lcd.c,36 :: 		
0x0142	0xB053      	BTFSC       FARG_Lcd_Cmd_out_char, 0 
0x0144	0xD002      	BRA         L__Lcd_Cmd37
0x0146	0x908A      	BCF         LCD_D4, BitPos(LCD_D4+0) 
0x0148	0xD001      	BRA         L__Lcd_Cmd38
L__Lcd_Cmd37:
0x014A	0x808A      	BSF         LCD_D4, BitPos(LCD_D4+0) 
L__Lcd_Cmd38:
;__Lib_Lcd.c,38 :: 		
0x014C	0xB032      	BTFSC       __Lib_Lcd_cmd_status, BitPos(__Lib_Lcd_cmd_status+0) 
0x014E	0xD002      	BRA         L__Lcd_Cmd39
0x0150	0x888A      	BSF         LCD_RS, BitPos(LCD_RS+0) 
0x0152	0xD001      	BRA         L__Lcd_Cmd40
L__Lcd_Cmd39:
0x0154	0x988A      	BCF         LCD_RS, BitPos(LCD_RS+0) 
L__Lcd_Cmd40:
;__Lib_Lcd.c,40 :: 		
0x0156	0x8A8A      	BSF         LCD_EN, BitPos(LCD_EN+0) 
;__Lib_Lcd.c,41 :: 		
0x0158	0xDFC6      	RCALL       _Delay_1us
;__Lib_Lcd.c,42 :: 		
0x015A	0x9A8A      	BCF         LCD_EN, BitPos(LCD_EN+0) 
;__Lib_Lcd.c,44 :: 		
0x015C	0xA032      	BTFSS       __Lib_Lcd_cmd_status, BitPos(__Lib_Lcd_cmd_status+0) 
0x015E	0xD002      	BRA         L_Lcd_Cmd0
;__Lib_Lcd.c,45 :: 		
0x0160	0xDFB2      	RCALL       _Delay_5500us
0x0162	0xD001      	BRA         L_Lcd_Cmd1
L_Lcd_Cmd0:
;__Lib_Lcd.c,47 :: 		
0x0164	0xDFBB      	RCALL       _Delay_50us
L_Lcd_Cmd1:
;__Lib_Lcd.c,48 :: 		
L_end_Lcd_Cmd:
0x0166	0x0012      	RETURN      0
; end of _Lcd_Cmd
_Div_16X16_U:
;__Lib_Math.c,102 :: 		
;__Lib_Math.c,109 :: 		
0x0168	0x6A08      	CLRF        R8, 0
;__Lib_Math.c,110 :: 		
0x016A	0x6A09      	CLRF        R9, 0
;__Lib_Math.c,111 :: 		
0x016C	0x0E10      	MOVLW       16
;__Lib_Math.c,112 :: 		
0x016E	0x6E0C      	MOVWF       R12, 0
;__Lib_Math.c,113 :: 		
0x0170	0x3401      	RLCF        R1, 0, 0
;__Lib_Math.c,114 :: 		
0x0172	0x3608      	RLCF        R8, 1, 0
;__Lib_Math.c,115 :: 		
0x0174	0x3609      	RLCF        R9, 1, 0
;__Lib_Math.c,116 :: 		
0x0176	0x5004      	MOVF        R4, 0, 0
;__Lib_Math.c,117 :: 		
0x0178	0x5E08      	SUBWF       R8, 1, 0
;__Lib_Math.c,118 :: 		
0x017A	0x5005      	MOVF        R5, 0, 0
;__Lib_Math.c,119 :: 		
0x017C	0xA0D8      	BTFSS       STATUS, 0, 0
;__Lib_Math.c,120 :: 		
0x017E	0x3C05      	INCFSZ      R5, 0, 0
;__Lib_Math.c,121 :: 		
0x0180	0x5E09      	SUBWF       R9, 1, 0
;__Lib_Math.c,122 :: 		
0x0182	0xB0D8      	BTFSC       STATUS, 0, 0
;__Lib_Math.c,123 :: 		
0x0184	0xD007      	BRA         $+16
;__Lib_Math.c,124 :: 		
0x0186	0x5004      	MOVF        R4, 0, 0
;__Lib_Math.c,125 :: 		
0x0188	0x2608      	ADDWF       R8, 1, 0
;__Lib_Math.c,126 :: 		
0x018A	0x5005      	MOVF        R5, 0, 0
;__Lib_Math.c,127 :: 		
0x018C	0xB0D8      	BTFSC       STATUS, 0, 0
;__Lib_Math.c,128 :: 		
0x018E	0x3C05      	INCFSZ      R5, 0, 0
;__Lib_Math.c,129 :: 		
0x0190	0x2609      	ADDWF       R9, 1, 0
;__Lib_Math.c,130 :: 		
0x0192	0x90D8      	BCF         STATUS, 0, 0
;__Lib_Math.c,131 :: 		
0x0194	0x3600      	RLCF        R0, 1, 0
;__Lib_Math.c,132 :: 		
0x0196	0x3601      	RLCF        R1, 1, 0
;__Lib_Math.c,133 :: 		
0x0198	0x2E0C      	DECFSZ      R12, 1, 0
;__Lib_Math.c,134 :: 		
0x019A	0xD7EA      	BRA         $-42
;__Lib_Math.c,136 :: 		
L_end_Div_16X16_U:
0x019C	0x0012      	RETURN      0
; end of _Div_16X16_U
_WordToStr:
;__Lib_Conversions.c,98 :: 		
;__Lib_Conversions.c,103 :: 		
0x019E	0x6A50      	CLRF        WordToStr_len_L0 
L_WordToStr11:
0x01A0	0x0E05      	MOVLW       5
0x01A2	0x5C50      	SUBWF       WordToStr_len_L0, 0 
0x01A4	0xE20A      	BC          L_WordToStr12
;__Lib_Conversions.c,104 :: 		
0x01A6	0x5050      	MOVF        WordToStr_len_L0, 0 
0x01A8	0x244E      	ADDWF       FARG_WordToStr_output, 0 
0x01AA	0x6EE1      	MOVWF       FSR1L 
0x01AC	0x0E00      	MOVLW       0
0x01AE	0x204F      	ADDWFC      FARG_WordToStr_output+1, 0 
0x01B0	0x6EE2      	MOVWF       FSR1L+1 
0x01B2	0x0E20      	MOVLW       32
0x01B4	0x6EE6      	MOVWF       POSTINC1 
;__Lib_Conversions.c,103 :: 		
0x01B6	0x2A50      	INCF        WordToStr_len_L0, 1 
;__Lib_Conversions.c,104 :: 		
0x01B8	0xD7F3      	BRA         L_WordToStr11
L_WordToStr12:
;__Lib_Conversions.c,105 :: 		
0x01BA	0x5050      	MOVF        WordToStr_len_L0, 0 
0x01BC	0x244E      	ADDWF       FARG_WordToStr_output, 0 
0x01BE	0x6EE1      	MOVWF       FSR1L 
0x01C0	0x0E00      	MOVLW       0
0x01C2	0x204F      	ADDWFC      FARG_WordToStr_output+1, 0 
0x01C4	0x6EE2      	MOVWF       FSR1L+1 
0x01C6	0x6AE6      	CLRF        POSTINC1 
0x01C8	0x0650      	DECF        WordToStr_len_L0, 1 
;__Lib_Conversions.c,107 :: 		
L_WordToStr14:
;__Lib_Conversions.c,108 :: 		
0x01CA	0x5050      	MOVF        WordToStr_len_L0, 0 
0x01CC	0x244E      	ADDWF       FARG_WordToStr_output, 0 
0x01CE	0x6E51      	MOVWF       FLOC__WordToStr 
0x01D0	0x0E00      	MOVLW       0
0x01D2	0x204F      	ADDWFC      FARG_WordToStr_output+1, 0 
0x01D4	0x6E52      	MOVWF       FLOC__WordToStr+1 
0x01D6	0x0E0A      	MOVLW       10
0x01D8	0x6E04      	MOVWF       R4 
0x01DA	0x0E00      	MOVLW       0
0x01DC	0x6E05      	MOVWF       R5 
0x01DE	0xF000C04C  	MOVFF       FARG_WordToStr_input, R0
0x01E2	0xF001C04D  	MOVFF       FARG_WordToStr_input+1, R1
0x01E6	0xDFC0      	RCALL       _Div_16X16_U
0x01E8	0xF000C008  	MOVFF       R8, R0
0x01EC	0xF001C009  	MOVFF       R9, R1
0x01F0	0x0E30      	MOVLW       48
0x01F2	0x2600      	ADDWF       R0, 1 
0x01F4	0xFFE1C051  	MOVFF       FLOC__WordToStr, FSR1L
0x01F8	0xFFE2C052  	MOVFF       FLOC__WordToStr+1, FSR1H
0x01FC	0xFFE6C000  	MOVFF       R0, POSTINC1
;__Lib_Conversions.c,109 :: 		
0x0200	0x0E0A      	MOVLW       10
0x0202	0x6E04      	MOVWF       R4 
0x0204	0x0E00      	MOVLW       0
0x0206	0x6E05      	MOVWF       R5 
0x0208	0xF000C04C  	MOVFF       FARG_WordToStr_input, R0
0x020C	0xF001C04D  	MOVFF       FARG_WordToStr_input+1, R1
0x0210	0xDFAB      	RCALL       _Div_16X16_U
0x0212	0xF04CC000  	MOVFF       R0, FARG_WordToStr_input
0x0216	0xF04DC001  	MOVFF       R1, FARG_WordToStr_input+1
;__Lib_Conversions.c,110 :: 		
0x021A	0x0E00      	MOVLW       0
0x021C	0x1801      	XORWF       R1, 0 
0x021E	0xE102      	BNZ         L__WordToStr159
0x0220	0x0E00      	MOVLW       0
0x0222	0x1800      	XORWF       R0, 0 
L__WordToStr159:
0x0224	0xE101      	BNZ         L_WordToStr16
;__Lib_Conversions.c,111 :: 		
0x0226	0xD002      	BRA         L_WordToStr15
L_WordToStr16:
;__Lib_Conversions.c,112 :: 		
0x0228	0x0650      	DECF        WordToStr_len_L0, 1 
;__Lib_Conversions.c,113 :: 		
0x022A	0xD7CF      	BRA         L_WordToStr14
L_WordToStr15:
;__Lib_Conversions.c,114 :: 		
L_end_WordToStr:
0x022C	0x0012      	RETURN      0
; end of _WordToStr
_Lcd_Chr_CP:
;__Lib_Lcd.c,50 :: 		
;__Lib_Lcd.c,52 :: 		
0x022E	0x9032      	BCF         __Lib_Lcd_cmd_status, BitPos(__Lib_Lcd_cmd_status+0) 
;__Lib_Lcd.c,53 :: 		
0x0230	0xF053C04C  	MOVFF       FARG_Lcd_Chr_CP_out_char, FARG_Lcd_Cmd_out_char
0x0234	0xDF5B      	RCALL       _Lcd_Cmd
;__Lib_Lcd.c,54 :: 		
0x0236	0x8032      	BSF         __Lib_Lcd_cmd_status, BitPos(__Lib_Lcd_cmd_status+0) 
;__Lib_Lcd.c,55 :: 		
L_end_Lcd_Chr_CP:
0x0238	0x0012      	RETURN      0
; end of _Lcd_Chr_CP
___CC2DW:
;__Lib_System.c,21 :: 		
;__Lib_System.c,23 :: 		
_CC2DL_Loop1:
;__Lib_System.c,24 :: 		
0x023A	0x0009      	TBLRD*+
;__Lib_System.c,25 :: 		
0x023C	0xFFE6CFF5  	MOVFF       TABLAT, POSTINC1
;__Lib_System.c,26 :: 		
0x0240	0x0600      	DECF        R0, 1, 0
;__Lib_System.c,27 :: 		
0x0242	0xE1FB      	BNZ         _CC2DL_Loop1
;__Lib_System.c,28 :: 		
0x0244	0x0601      	DECF        R1, 1, 0
;__Lib_System.c,29 :: 		
0x0246	0xE1F9      	BNZ         _CC2DL_Loop1
;__Lib_System.c,31 :: 		
L_end___CC2DW:
0x0248	0x0012      	RETURN      0
; end of ___CC2DW
_Mul_16X16_U:
;__Lib_Math.c,440 :: 		
;__Lib_Math.c,447 :: 		
0x024A	0x6A0B      	CLRF        R11, 0
;__Lib_Math.c,448 :: 		
0x024C	0x6A0A      	CLRF        R10, 0
;__Lib_Math.c,449 :: 		
0x024E	0x6A09      	CLRF        R9, 0
;__Lib_Math.c,450 :: 		
0x0250	0x5000      	MOVF        R0, 0, 0
;__Lib_Math.c,451 :: 		
0x0252	0x0204      	MULWF       R4, 0
;__Lib_Math.c,453 :: 		
0x0254	0xF009CFF4  	MOVFF       PRODH, R9
;__Lib_Math.c,454 :: 		
0x0258	0xF008CFF3  	MOVFF       PRODL, R8
;__Lib_Math.c,455 :: 		
0x025C	0x5001      	MOVF        R1, 0, 0
;__Lib_Math.c,456 :: 		
0x025E	0x0205      	MULWF       R5, 0
;__Lib_Math.c,458 :: 		
0x0260	0xF00BCFF4  	MOVFF       PRODH, R11
;__Lib_Math.c,459 :: 		
0x0264	0xF00ACFF3  	MOVFF       PRODL, R10
;__Lib_Math.c,460 :: 		
0x0268	0x5000      	MOVF        R0, 0, 0
;__Lib_Math.c,461 :: 		
0x026A	0x0205      	MULWF       R5, 0
;__Lib_Math.c,463 :: 		
0x026C	0x50F3      	MOVF        PRODL, 0, 0
;__Lib_Math.c,464 :: 		
0x026E	0x2609      	ADDWF       R9, 1, 0
;__Lib_Math.c,465 :: 		
0x0270	0x50F4      	MOVF        PRODH, 0, 0
;__Lib_Math.c,466 :: 		
0x0272	0x220A      	ADDWFC      R10, 1, 0
;__Lib_Math.c,467 :: 		
0x0274	0x6AE8      	CLRF        WREG, 0
;__Lib_Math.c,468 :: 		
0x0276	0x220B      	ADDWFC      R11, 1, 0
;__Lib_Math.c,469 :: 		
0x0278	0x5001      	MOVF        R1, 0, 0
;__Lib_Math.c,470 :: 		
0x027A	0x0204      	MULWF       R4, 0
;__Lib_Math.c,472 :: 		
0x027C	0x50F3      	MOVF        PRODL, 0, 0
;__Lib_Math.c,473 :: 		
0x027E	0x2609      	ADDWF       R9, 1, 0
;__Lib_Math.c,474 :: 		
0x0280	0x50F4      	MOVF        PRODH, 0, 0
;__Lib_Math.c,475 :: 		
0x0282	0x220A      	ADDWFC      R10, 1, 0
;__Lib_Math.c,476 :: 		
0x0284	0x6AE8      	CLRF        WREG, 0
;__Lib_Math.c,477 :: 		
0x0286	0x220B      	ADDWFC      R11, 1, 0
;__Lib_Math.c,479 :: 		
0x0288	0xF000C008  	MOVFF       R8, R0
;__Lib_Math.c,480 :: 		
0x028C	0xF001C009  	MOVFF       R9, R1
;__Lib_Math.c,481 :: 		
0x0290	0xF002C00A  	MOVFF       R10, R2
;__Lib_Math.c,482 :: 		
0x0294	0xF003C00B  	MOVFF       R11, R3
;__Lib_Math.c,485 :: 		
L_end_Mul_16X16_U:
0x0298	0x0012      	RETURN      0
; end of _Mul_16X16_U
_Lcd_Init:
;__Lib_Lcd.c,84 :: 		
;__Lib_Lcd.c,86 :: 		
0x029A	0x9A93      	BCF         LCD_EN_Direction, BitPos(LCD_EN_Direction+0) 
;__Lib_Lcd.c,87 :: 		
0x029C	0x9893      	BCF         LCD_RS_Direction, BitPos(LCD_RS_Direction+0) 
;__Lib_Lcd.c,88 :: 		
0x029E	0x9093      	BCF         LCD_D4_Direction, BitPos(LCD_D4_Direction+0) 
;__Lib_Lcd.c,89 :: 		
0x02A0	0x9293      	BCF         LCD_D5_Direction, BitPos(LCD_D5_Direction+0) 
;__Lib_Lcd.c,90 :: 		
0x02A2	0x9493      	BCF         LCD_D6_Direction, BitPos(LCD_D6_Direction+0) 
;__Lib_Lcd.c,91 :: 		
0x02A4	0x9693      	BCF         LCD_D7_Direction, BitPos(LCD_D7_Direction+0) 
;__Lib_Lcd.c,93 :: 		
0x02A6	0x9A8A      	BCF         LCD_EN, BitPos(LCD_EN+0) 
;__Lib_Lcd.c,94 :: 		
0x02A8	0x988A      	BCF         LCD_RS, BitPos(LCD_RS+0) 
;__Lib_Lcd.c,95 :: 		
0x02AA	0x968A      	BCF         LCD_D7, BitPos(LCD_D7+0) 
;__Lib_Lcd.c,96 :: 		
0x02AC	0x948A      	BCF         LCD_D6, BitPos(LCD_D6+0) 
;__Lib_Lcd.c,97 :: 		
0x02AE	0x928A      	BCF         LCD_D5, BitPos(LCD_D5+0) 
;__Lib_Lcd.c,98 :: 		
0x02B0	0x908A      	BCF         LCD_D4, BitPos(LCD_D4+0) 
;__Lib_Lcd.c,100 :: 		
0x02B2	0xDF09      	RCALL       _Delay_5500us
;__Lib_Lcd.c,101 :: 		
0x02B4	0xDF08      	RCALL       _Delay_5500us
;__Lib_Lcd.c,102 :: 		
0x02B6	0xDF07      	RCALL       _Delay_5500us
;__Lib_Lcd.c,105 :: 		
0x02B8	0x828A      	BSF         LCD_D5, BitPos(LCD_D5+0) 
;__Lib_Lcd.c,106 :: 		
0x02BA	0x808A      	BSF         LCD_D4, BitPos(LCD_D4+0) 
;__Lib_Lcd.c,107 :: 		
0x02BC	0x8A8A      	BSF         LCD_EN, BitPos(LCD_EN+0) 
;__Lib_Lcd.c,108 :: 		
0x02BE	0xDF13      	RCALL       _Delay_1us
;__Lib_Lcd.c,109 :: 		
0x02C0	0x9A8A      	BCF         LCD_EN, BitPos(LCD_EN+0) 
;__Lib_Lcd.c,110 :: 		
0x02C2	0xDF01      	RCALL       _Delay_5500us
;__Lib_Lcd.c,112 :: 		
0x02C4	0x8A8A      	BSF         LCD_EN, BitPos(LCD_EN+0) 
;__Lib_Lcd.c,113 :: 		
0x02C6	0xDF0F      	RCALL       _Delay_1us
;__Lib_Lcd.c,114 :: 		
0x02C8	0x9A8A      	BCF         LCD_EN, BitPos(LCD_EN+0) 
;__Lib_Lcd.c,115 :: 		
0x02CA	0xDEFD      	RCALL       _Delay_5500us
;__Lib_Lcd.c,117 :: 		
0x02CC	0x8A8A      	BSF         LCD_EN, BitPos(LCD_EN+0) 
;__Lib_Lcd.c,118 :: 		
0x02CE	0xDF0B      	RCALL       _Delay_1us
;__Lib_Lcd.c,119 :: 		
0x02D0	0x9A8A      	BCF         LCD_EN, BitPos(LCD_EN+0) 
;__Lib_Lcd.c,120 :: 		
0x02D2	0xDEF9      	RCALL       _Delay_5500us
;__Lib_Lcd.c,123 :: 		
0x02D4	0x908A      	BCF         LCD_D4, BitPos(LCD_D4+0) 
;__Lib_Lcd.c,124 :: 		
0x02D6	0x8A8A      	BSF         LCD_EN, BitPos(LCD_EN+0) 
;__Lib_Lcd.c,125 :: 		
0x02D8	0xDF06      	RCALL       _Delay_1us
;__Lib_Lcd.c,126 :: 		
0x02DA	0x9A8A      	BCF         LCD_EN, BitPos(LCD_EN+0) 
;__Lib_Lcd.c,127 :: 		
0x02DC	0xDEF4      	RCALL       _Delay_5500us
;__Lib_Lcd.c,130 :: 		
0x02DE	0x8A8A      	BSF         LCD_EN, BitPos(LCD_EN+0) 
;__Lib_Lcd.c,131 :: 		
0x02E0	0xDF02      	RCALL       _Delay_1us
;__Lib_Lcd.c,132 :: 		
0x02E2	0x9A8A      	BCF         LCD_EN, BitPos(LCD_EN+0) 
;__Lib_Lcd.c,134 :: 		
0x02E4	0x928A      	BCF         LCD_D5, BitPos(LCD_D5+0) 
;__Lib_Lcd.c,135 :: 		
0x02E6	0x868A      	BSF         LCD_D7, BitPos(LCD_D7+0) 
;__Lib_Lcd.c,136 :: 		
0x02E8	0x8A8A      	BSF         LCD_EN, BitPos(LCD_EN+0) 
;__Lib_Lcd.c,137 :: 		
0x02EA	0xDEFD      	RCALL       _Delay_1us
;__Lib_Lcd.c,138 :: 		
0x02EC	0x9A8A      	BCF         LCD_EN, BitPos(LCD_EN+0) 
;__Lib_Lcd.c,139 :: 		
0x02EE	0xDEEB      	RCALL       _Delay_5500us
;__Lib_Lcd.c,142 :: 		
0x02F0	0x968A      	BCF         LCD_D7, BitPos(LCD_D7+0) 
;__Lib_Lcd.c,143 :: 		
0x02F2	0x808A      	BSF         LCD_D4, BitPos(LCD_D4+0) 
;__Lib_Lcd.c,144 :: 		
0x02F4	0x8A8A      	BSF         LCD_EN, BitPos(LCD_EN+0) 
;__Lib_Lcd.c,145 :: 		
0x02F6	0xDEF7      	RCALL       _Delay_1us
;__Lib_Lcd.c,146 :: 		
0x02F8	0x9A8A      	BCF         LCD_EN, BitPos(LCD_EN+0) 
;__Lib_Lcd.c,148 :: 		
0x02FA	0x908A      	BCF         LCD_D4, BitPos(LCD_D4+0) 
;__Lib_Lcd.c,149 :: 		
0x02FC	0x8A8A      	BSF         LCD_EN, BitPos(LCD_EN+0) 
;__Lib_Lcd.c,150 :: 		
0x02FE	0xDEF3      	RCALL       _Delay_1us
;__Lib_Lcd.c,151 :: 		
0x0300	0x9A8A      	BCF         LCD_EN, BitPos(LCD_EN+0) 
;__Lib_Lcd.c,152 :: 		
0x0302	0xDEE1      	RCALL       _Delay_5500us
;__Lib_Lcd.c,155 :: 		
0x0304	0x8A8A      	BSF         LCD_EN, BitPos(LCD_EN+0) 
;__Lib_Lcd.c,156 :: 		
0x0306	0xDEEF      	RCALL       _Delay_1us
;__Lib_Lcd.c,157 :: 		
0x0308	0x9A8A      	BCF         LCD_EN, BitPos(LCD_EN+0) 
;__Lib_Lcd.c,159 :: 		
0x030A	0x808A      	BSF         LCD_D4, BitPos(LCD_D4+0) 
;__Lib_Lcd.c,160 :: 		
0x030C	0x8A8A      	BSF         LCD_EN, BitPos(LCD_EN+0) 
;__Lib_Lcd.c,161 :: 		
0x030E	0xDEEB      	RCALL       _Delay_1us
;__Lib_Lcd.c,162 :: 		
0x0310	0x9A8A      	BCF         LCD_EN, BitPos(LCD_EN+0) 
;__Lib_Lcd.c,163 :: 		
0x0312	0xDED9      	RCALL       _Delay_5500us
;__Lib_Lcd.c,166 :: 		
0x0314	0x908A      	BCF         LCD_D4, BitPos(LCD_D4+0) 
;__Lib_Lcd.c,167 :: 		
0x0316	0x8A8A      	BSF         LCD_EN, BitPos(LCD_EN+0) 
;__Lib_Lcd.c,168 :: 		
0x0318	0xDEE6      	RCALL       _Delay_1us
;__Lib_Lcd.c,169 :: 		
0x031A	0x9A8A      	BCF         LCD_EN, BitPos(LCD_EN+0) 
;__Lib_Lcd.c,171 :: 		
0x031C	0x868A      	BSF         LCD_D7, BitPos(LCD_D7+0) 
;__Lib_Lcd.c,172 :: 		
0x031E	0x848A      	BSF         LCD_D6, BitPos(LCD_D6+0) 
;__Lib_Lcd.c,173 :: 		
0x0320	0x828A      	BSF         LCD_D5, BitPos(LCD_D5+0) 
;__Lib_Lcd.c,174 :: 		
0x0322	0x808A      	BSF         LCD_D4, BitPos(LCD_D4+0) 
;__Lib_Lcd.c,175 :: 		
0x0324	0x8A8A      	BSF         LCD_EN, BitPos(LCD_EN+0) 
;__Lib_Lcd.c,176 :: 		
0x0326	0xDEDF      	RCALL       _Delay_1us
;__Lib_Lcd.c,177 :: 		
0x0328	0x9A8A      	BCF         LCD_EN, BitPos(LCD_EN+0) 
;__Lib_Lcd.c,179 :: 		
0x032A	0xDECD      	RCALL       _Delay_5500us
;__Lib_Lcd.c,181 :: 		
0x032C	0x8032      	BSF         __Lib_Lcd_cmd_status, BitPos(__Lib_Lcd_cmd_status+0) 
;__Lib_Lcd.c,182 :: 		
L_end_Lcd_Init:
0x032E	0x0012      	RETURN      0
; end of _Lcd_Init
_IntToStr:
;__Lib_Conversions.c,195 :: 		
;__Lib_Conversions.c,201 :: 		
0x0330	0x6A48      	CLRF        IntToStr_negative_L0 
0x0332	0x6A49      	CLRF        IntToStr_negative_L0+1 
;__Lib_Conversions.c,202 :: 		
0x0334	0xF04AC042  	MOVFF       FARG_IntToStr_input, IntToStr_inword_L0
0x0338	0xF04BC043  	MOVFF       FARG_IntToStr_input+1, IntToStr_inword_L0+1
;__Lib_Conversions.c,203 :: 		
0x033C	0x0E80      	MOVLW       128
0x033E	0x1843      	XORWF       FARG_IntToStr_input+1, 0 
0x0340	0x6E00      	MOVWF       R0 
0x0342	0x0E80      	MOVLW       128
0x0344	0x5C00      	SUBWF       R0, 0 
0x0346	0xE102      	BNZ         L__IntToStr167
0x0348	0x0E00      	MOVLW       0
0x034A	0x5C42      	SUBWF       FARG_IntToStr_input, 0 
L__IntToStr167:
0x034C	0xE20B      	BC          L_IntToStr37
;__Lib_Conversions.c,204 :: 		
0x034E	0x0E01      	MOVLW       1
0x0350	0x6E48      	MOVWF       IntToStr_negative_L0 
0x0352	0x0E00      	MOVLW       0
0x0354	0x6E49      	MOVWF       IntToStr_negative_L0+1 
;__Lib_Conversions.c,205 :: 		
0x0356	0x5042      	MOVF        FARG_IntToStr_input, 0 
0x0358	0x0800      	SUBLW       0
0x035A	0x6E4A      	MOVWF       IntToStr_inword_L0 
0x035C	0xF04BC043  	MOVFF       FARG_IntToStr_input+1, IntToStr_inword_L0+1
0x0360	0x0E00      	MOVLW       0
0x0362	0x564B      	SUBFWB      IntToStr_inword_L0+1, 1 
;__Lib_Conversions.c,206 :: 		
L_IntToStr37:
;__Lib_Conversions.c,207 :: 		
0x0364	0xF04CC04A  	MOVFF       IntToStr_inword_L0, FARG_WordToStr_input
0x0368	0xF04DC04B  	MOVFF       IntToStr_inword_L0+1, FARG_WordToStr_input+1
0x036C	0xF04EC044  	MOVFF       FARG_IntToStr_output, FARG_WordToStr_output
0x0370	0xF04FC045  	MOVFF       FARG_IntToStr_output+1, FARG_WordToStr_output+1
0x0374	0xDF14      	RCALL       _WordToStr
;__Lib_Conversions.c,209 :: 		
0x0376	0x0E06      	MOVLW       6
0x0378	0x6E46      	MOVWF       IntToStr_i_L0 
0x037A	0x0E00      	MOVLW       0
0x037C	0x6E47      	MOVWF       IntToStr_i_L0+1 
;__Lib_Conversions.c,210 :: 		
L_IntToStr38:
0x037E	0x0E00      	MOVLW       0
0x0380	0x6E00      	MOVWF       R0 
0x0382	0x5047      	MOVF        IntToStr_i_L0+1, 0 
0x0384	0x5C00      	SUBWF       R0, 0 
0x0386	0xE102      	BNZ         L__IntToStr168
0x0388	0x5046      	MOVF        IntToStr_i_L0, 0 
0x038A	0x0800      	SUBLW       0
L__IntToStr168:
0x038C	0xE219      	BC          L_IntToStr39
;__Lib_Conversions.c,211 :: 		
0x038E	0x5046      	MOVF        IntToStr_i_L0, 0 
0x0390	0x2444      	ADDWF       FARG_IntToStr_output, 0 
0x0392	0x6EE1      	MOVWF       FSR1L 
0x0394	0x5047      	MOVF        IntToStr_i_L0+1, 0 
0x0396	0x2045      	ADDWFC      FARG_IntToStr_output+1, 0 
0x0398	0x6EE2      	MOVWF       FSR1L+1 
0x039A	0x0E01      	MOVLW       1
0x039C	0x5C46      	SUBWF       IntToStr_i_L0, 0 
0x039E	0x6E00      	MOVWF       R0 
0x03A0	0x0E00      	MOVLW       0
0x03A2	0x5847      	SUBWFB      IntToStr_i_L0+1, 0 
0x03A4	0x6E01      	MOVWF       R1 
0x03A6	0x5000      	MOVF        R0, 0 
0x03A8	0x2444      	ADDWF       FARG_IntToStr_output, 0 
0x03AA	0x6EE9      	MOVWF       FSR0L 
0x03AC	0x5001      	MOVF        R1, 0 
0x03AE	0x2045      	ADDWFC      FARG_IntToStr_output+1, 0 
0x03B0	0x6EEA      	MOVWF       FSR0L+1 
0x03B2	0xFFE6CFEE  	MOVFF       POSTINC0, POSTINC1
;__Lib_Conversions.c,212 :: 		
0x03B6	0x0E01      	MOVLW       1
0x03B8	0x5E46      	SUBWF       IntToStr_i_L0, 1 
0x03BA	0x0E00      	MOVLW       0
0x03BC	0x5A47      	SUBWFB      IntToStr_i_L0+1, 1 
;__Lib_Conversions.c,213 :: 		
0x03BE	0xD7DF      	BRA         L_IntToStr38
L_IntToStr39:
;__Lib_Conversions.c,214 :: 		
0x03C0	0xFFE1C044  	MOVFF       FARG_IntToStr_output, FSR1L
0x03C4	0xFFE2C045  	MOVFF       FARG_IntToStr_output+1, FSR1H
0x03C8	0x0E20      	MOVLW       32
0x03CA	0x6EE6      	MOVWF       POSTINC1 
;__Lib_Conversions.c,215 :: 		
0x03CC	0x5048      	MOVF        IntToStr_negative_L0, 0 
0x03CE	0x1049      	IORWF       IntToStr_negative_L0+1, 0 
0x03D0	0xE01A      	BZ          L_IntToStr40
;__Lib_Conversions.c,216 :: 		
0x03D2	0x6A46      	CLRF        IntToStr_i_L0 
0x03D4	0x6A47      	CLRF        IntToStr_i_L0+1 
;__Lib_Conversions.c,217 :: 		
L_IntToStr41:
0x03D6	0x5046      	MOVF        IntToStr_i_L0, 0 
0x03D8	0x2444      	ADDWF       FARG_IntToStr_output, 0 
0x03DA	0x6EE9      	MOVWF       FSR0L 
0x03DC	0x5047      	MOVF        IntToStr_i_L0+1, 0 
0x03DE	0x2045      	ADDWFC      FARG_IntToStr_output+1, 0 
0x03E0	0x6EEA      	MOVWF       FSR0L+1 
0x03E2	0x50EE      	MOVF        POSTINC0, 0 
0x03E4	0x0A20      	XORLW       32
0x03E6	0xE103      	BNZ         L_IntToStr42
0x03E8	0x4A46      	INFSNZ      IntToStr_i_L0, 1 
0x03EA	0x2A47      	INCF        IntToStr_i_L0+1, 1 
0x03EC	0xD7F4      	BRA         L_IntToStr41
L_IntToStr42:
;__Lib_Conversions.c,218 :: 		
0x03EE	0x0E01      	MOVLW       1
0x03F0	0x5E46      	SUBWF       IntToStr_i_L0, 1 
0x03F2	0x0E00      	MOVLW       0
0x03F4	0x5A47      	SUBWFB      IntToStr_i_L0+1, 1 
;__Lib_Conversions.c,219 :: 		
0x03F6	0x5046      	MOVF        IntToStr_i_L0, 0 
0x03F8	0x2444      	ADDWF       FARG_IntToStr_output, 0 
0x03FA	0x6EE1      	MOVWF       FSR1L 
0x03FC	0x5047      	MOVF        IntToStr_i_L0+1, 0 
0x03FE	0x2045      	ADDWFC      FARG_IntToStr_output+1, 0 
0x0400	0x6EE2      	MOVWF       FSR1L+1 
0x0402	0x0E2D      	MOVLW       45
0x0404	0x6EE6      	MOVWF       POSTINC1 
L_IntToStr40:
;__Lib_Conversions.c,220 :: 		
L_end_IntToStr:
0x0406	0x0012      	RETURN      0
; end of _IntToStr
_Lcd_Out:
;__Lib_Lcd.c,184 :: 		
;__Lib_Lcd.c,187 :: 		
0x0408	0xD00F      	BRA         L_Lcd_Out11
;__Lib_Lcd.c,188 :: 		
L_Lcd_Out13:
0x040A	0x0E80      	MOVLW       128
0x040C	0x6E42      	MOVWF       FARG_Lcd_Out_row 
0x040E	0xD019      	BRA         L_Lcd_Out12
;__Lib_Lcd.c,189 :: 		
L_Lcd_Out14:
0x0410	0x0EC0      	MOVLW       192
0x0412	0x6E42      	MOVWF       FARG_Lcd_Out_row 
0x0414	0xD016      	BRA         L_Lcd_Out12
;__Lib_Lcd.c,190 :: 		
L_Lcd_Out15:
0x0416	0x0E94      	MOVLW       148
0x0418	0x6E42      	MOVWF       FARG_Lcd_Out_row 
0x041A	0xD013      	BRA         L_Lcd_Out12
;__Lib_Lcd.c,191 :: 		
L_Lcd_Out16:
0x041C	0x0ED4      	MOVLW       212
0x041E	0x6E42      	MOVWF       FARG_Lcd_Out_row 
0x0420	0xD010      	BRA         L_Lcd_Out12
;__Lib_Lcd.c,192 :: 		
L_Lcd_Out17:
0x0422	0x0E80      	MOVLW       128
0x0424	0x6E42      	MOVWF       FARG_Lcd_Out_row 
;__Lib_Lcd.c,193 :: 		
0x0426	0xD00D      	BRA         L_Lcd_Out12
L_Lcd_Out11:
0x0428	0x5042      	MOVF        FARG_Lcd_Out_row, 0 
0x042A	0x0A01      	XORLW       1
0x042C	0xE0EE      	BZ          L_Lcd_Out13
0x042E	0x5042      	MOVF        FARG_Lcd_Out_row, 0 
0x0430	0x0A02      	XORLW       2
0x0432	0xE0EE      	BZ          L_Lcd_Out14
0x0434	0x5042      	MOVF        FARG_Lcd_Out_row, 0 
0x0436	0x0A03      	XORLW       3
0x0438	0xE0EE      	BZ          L_Lcd_Out15
0x043A	0x5042      	MOVF        FARG_Lcd_Out_row, 0 
0x043C	0x0A04      	XORLW       4
0x043E	0xE0EE      	BZ          L_Lcd_Out16
0x0440	0xD7F0      	BRA         L_Lcd_Out17
L_Lcd_Out12:
;__Lib_Lcd.c,194 :: 		
0x0442	0x0443      	DECF        FARG_Lcd_Out_column, 0 
0x0444	0x6E00      	MOVWF       R0 
0x0446	0x5042      	MOVF        FARG_Lcd_Out_row, 0 
0x0448	0x2600      	ADDWF       R0, 1 
0x044A	0xF042C000  	MOVFF       R0, FARG_Lcd_Out_row
;__Lib_Lcd.c,196 :: 		
0x044E	0xF053C000  	MOVFF       R0, FARG_Lcd_Cmd_out_char
0x0452	0xDE4C      	RCALL       _Lcd_Cmd
;__Lib_Lcd.c,197 :: 		
0x0454	0x9032      	BCF         __Lib_Lcd_cmd_status, BitPos(__Lib_Lcd_cmd_status+0) 
;__Lib_Lcd.c,198 :: 		
0x0456	0x6A46      	CLRF        Lcd_Out_i_L0 
;__Lib_Lcd.c,199 :: 		
L_Lcd_Out18:
0x0458	0x5046      	MOVF        Lcd_Out_i_L0, 0 
0x045A	0x2444      	ADDWF       FARG_Lcd_Out_text, 0 
0x045C	0x6EE9      	MOVWF       FSR0L 
0x045E	0x0E00      	MOVLW       0
0x0460	0x2045      	ADDWFC      FARG_Lcd_Out_text+1, 0 
0x0462	0x6EEA      	MOVWF       FSR0L+1 
0x0464	0x52EE      	MOVF        POSTINC0, 1 
0x0466	0xE00B      	BZ          L_Lcd_Out19
;__Lib_Lcd.c,200 :: 		
0x0468	0x5046      	MOVF        Lcd_Out_i_L0, 0 
0x046A	0x2444      	ADDWF       FARG_Lcd_Out_text, 0 
0x046C	0x6EE9      	MOVWF       FSR0L 
0x046E	0x0E00      	MOVLW       0
0x0470	0x2045      	ADDWFC      FARG_Lcd_Out_text+1, 0 
0x0472	0x6EEA      	MOVWF       FSR0L+1 
0x0474	0xF04CCFEE  	MOVFF       POSTINC0, FARG_Lcd_Chr_CP_out_char
0x0478	0xDEDA      	RCALL       _Lcd_Chr_CP
0x047A	0x2A46      	INCF        Lcd_Out_i_L0, 1 
0x047C	0xD7ED      	BRA         L_Lcd_Out18
L_Lcd_Out19:
;__Lib_Lcd.c,201 :: 		
0x047E	0x8032      	BSF         __Lib_Lcd_cmd_status, BitPos(__Lib_Lcd_cmd_status+0) 
;__Lib_Lcd.c,202 :: 		
L_end_Lcd_Out:
0x0480	0x0012      	RETURN      0
; end of _Lcd_Out
_main:
0x0482	0xF002ECB4  	CALL        1384, 0
;ADC_Interrupt.c,23 :: 		void main() {
;ADC_Interrupt.c,25 :: 		char *adc_label_RA0 = "RA0[mV]:";
0x0486	0x0E25      	MOVLW       ?lstr1_ADC_Interrupt
0x0488	0x6E3E      	MOVWF       main_adc_label_RA0_L0 
0x048A	0x0E00      	MOVLW       hi_addr(?lstr1_ADC_Interrupt)
0x048C	0x6E3F      	MOVWF       main_adc_label_RA0_L0+1 
0x048E	0x0E1C      	MOVLW       ?lstr2_ADC_Interrupt
0x0490	0x6E40      	MOVWF       main_adc_label_RA1_L0 
0x0492	0x0E00      	MOVLW       hi_addr(?lstr2_ADC_Interrupt)
0x0494	0x6E41      	MOVWF       main_adc_label_RA1_L0+1 
;ADC_Interrupt.c,28 :: 		TRISC = 0;
0x0496	0x6A94      	CLRF        TRISC 
;ADC_Interrupt.c,35 :: 		ADCON0.CHS0 = 0;
0x0498	0x94C2      	BCF         ADCON0, 2 
;ADC_Interrupt.c,36 :: 		ADCON0.CHS1 = 0;
0x049A	0x96C2      	BCF         ADCON0, 3 
;ADC_Interrupt.c,37 :: 		ADCON0.CHS2 = 0;
0x049C	0x98C2      	BCF         ADCON0, 4 
;ADC_Interrupt.c,38 :: 		ADCON0.CHS3 = 0;
0x049E	0x9AC2      	BCF         ADCON0, 5 
;ADC_Interrupt.c,39 :: 		ADCON0.CHS4 = 0;
0x04A0	0x9CC2      	BCF         ADCON0, 6 
;ADC_Interrupt.c,55 :: 		ADCON2.ADCS0 = 1;
0x04A2	0x80C0      	BSF         ADCON2, 0 
;ADC_Interrupt.c,56 :: 		ADCON2.ADCS1 = 0;
0x04A4	0x92C0      	BCF         ADCON2, 1 
;ADC_Interrupt.c,57 :: 		ADCON2.ADCS2 = 0;
0x04A6	0x94C0      	BCF         ADCON2, 2 
;ADC_Interrupt.c,65 :: 		ADCON2.ACQT0 = 0;
0x04A8	0x96C0      	BCF         ADCON2, 3 
;ADC_Interrupt.c,66 :: 		ADCON2.ACQT1 = 0;
0x04AA	0x98C0      	BCF         ADCON2, 4 
;ADC_Interrupt.c,67 :: 		ADCON2.ACQT2 = 1;
0x04AC	0x8AC0      	BSF         ADCON2, 5 
;ADC_Interrupt.c,70 :: 		ADCON2.ADFM = 0;
0x04AE	0x9EC0      	BCF         ADCON2, 7 
;ADC_Interrupt.c,73 :: 		ADCON0.ADON = 1;
0x04B0	0x80C2      	BSF         ADCON0, 0 
;ADC_Interrupt.c,90 :: 		PIE1.ADIE = 1;
0x04B2	0x8C9D      	BSF         PIE1, 6 
;ADC_Interrupt.c,91 :: 		PIR1.ADIF = 0;
0x04B4	0x9C9E      	BCF         PIR1, 6 
;ADC_Interrupt.c,93 :: 		INTCON.PEIE = 1;
0x04B6	0x8CF2      	BSF         INTCON, 6 
;ADC_Interrupt.c,95 :: 		INTCON.GIE = 1;
0x04B8	0x8EF2      	BSF         INTCON, 7 
;ADC_Interrupt.c,98 :: 		ADCON0.GO_NOT_DONE = 1;
0x04BA	0x82C2      	BSF         ADCON0, 1 
;ADC_Interrupt.c,101 :: 		Lcd_Init();
0x04BC	0xDEEE      	RCALL       _Lcd_Init
;ADC_Interrupt.c,102 :: 		Lcd_Cmd(_LCD_CLEAR);
0x04BE	0x0E01      	MOVLW       1
0x04C0	0x6E53      	MOVWF       FARG_Lcd_Cmd_out_char 
0x04C2	0xDE14      	RCALL       _Lcd_Cmd
;ADC_Interrupt.c,103 :: 		Lcd_Cmd(_LCD_CURSOR_OFF);
0x04C4	0x0E0C      	MOVLW       12
0x04C6	0x6E53      	MOVWF       FARG_Lcd_Cmd_out_char 
0x04C8	0xDE11      	RCALL       _Lcd_Cmd
;ADC_Interrupt.c,105 :: 		Lcd_Out(1,1,adc_label_RA0);
0x04CA	0x0E01      	MOVLW       1
0x04CC	0x6E42      	MOVWF       FARG_Lcd_Out_row 
0x04CE	0x0E01      	MOVLW       1
0x04D0	0x6E43      	MOVWF       FARG_Lcd_Out_column 
0x04D2	0xF044C03E  	MOVFF       main_adc_label_RA0_L0, FARG_Lcd_Out_text
0x04D6	0xF045C03F  	MOVFF       main_adc_label_RA0_L0+1, FARG_Lcd_Out_text+1
0x04DA	0xDF96      	RCALL       _Lcd_Out
;ADC_Interrupt.c,106 :: 		Lcd_Out(2,1,adc_label_RA1);
0x04DC	0x0E02      	MOVLW       2
0x04DE	0x6E42      	MOVWF       FARG_Lcd_Out_row 
0x04E0	0x0E01      	MOVLW       1
0x04E2	0x6E43      	MOVWF       FARG_Lcd_Out_column 
0x04E4	0xF044C040  	MOVFF       main_adc_label_RA1_L0, FARG_Lcd_Out_text
0x04E8	0xF045C041  	MOVFF       main_adc_label_RA1_L0+1, FARG_Lcd_Out_text+1
0x04EC	0xDF8D      	RCALL       _Lcd_Out
;ADC_Interrupt.c,107 :: 		while (1)
L_main0:
;ADC_Interrupt.c,109 :: 		if (adc_ra0 != adc_prev_ra0)
0x04EE	0x502F      	MOVF        _adc_ra0+1, 0 
0x04F0	0x1831      	XORWF       _adc_prev_ra0+1, 0 
0x04F2	0xE102      	BNZ         L__main8
0x04F4	0x5030      	MOVF        _adc_prev_ra0, 0 
0x04F6	0x182E      	XORWF       _adc_ra0, 0 
L__main8:
0x04F8	0xE014      	BZ          L_main2
;ADC_Interrupt.c,112 :: 		LATC = adc_ra0;
0x04FA	0xFF8BC02E  	MOVFF       _adc_ra0, LATC
;ADC_Interrupt.c,113 :: 		InttoStr(adc_ra0,adc_lcd);
0x04FE	0xF042C02E  	MOVFF       _adc_ra0, FARG_IntToStr_input
0x0502	0xF043C02F  	MOVFF       _adc_ra0+1, FARG_IntToStr_input+1
0x0506	0x0E37      	MOVLW       main_adc_lcd_L0
0x0508	0x6E44      	MOVWF       FARG_IntToStr_output 
0x050A	0x0E00      	MOVLW       hi_addr(main_adc_lcd_L0)
0x050C	0x6E45      	MOVWF       FARG_IntToStr_output+1 
0x050E	0xDF10      	RCALL       _IntToStr
;ADC_Interrupt.c,114 :: 		Lcd_Out(1,11,adc_lcd);
0x0510	0x0E01      	MOVLW       1
0x0512	0x6E42      	MOVWF       FARG_Lcd_Out_row 
0x0514	0x0E0B      	MOVLW       11
0x0516	0x6E43      	MOVWF       FARG_Lcd_Out_column 
0x0518	0x0E37      	MOVLW       main_adc_lcd_L0
0x051A	0x6E44      	MOVWF       FARG_Lcd_Out_text 
0x051C	0x0E00      	MOVLW       hi_addr(main_adc_lcd_L0)
0x051E	0x6E45      	MOVWF       FARG_Lcd_Out_text+1 
0x0520	0xDF73      	RCALL       _Lcd_Out
;ADC_Interrupt.c,115 :: 		}
L_main2:
;ADC_Interrupt.c,116 :: 		if (adc_ra1 != adc_prev_ra1)
0x0522	0x5036      	MOVF        _adc_ra1+1, 0 
0x0524	0x1834      	XORWF       _adc_prev_ra1+1, 0 
0x0526	0xE102      	BNZ         L__main9
0x0528	0x5033      	MOVF        _adc_prev_ra1, 0 
0x052A	0x1835      	XORWF       _adc_ra1, 0 
L__main9:
0x052C	0xE012      	BZ          L_main3
;ADC_Interrupt.c,118 :: 		InttoStr(adc_ra1,adc_lcd);
0x052E	0xF042C035  	MOVFF       _adc_ra1, FARG_IntToStr_input
0x0532	0xF043C036  	MOVFF       _adc_ra1+1, FARG_IntToStr_input+1
0x0536	0x0E37      	MOVLW       main_adc_lcd_L0
0x0538	0x6E44      	MOVWF       FARG_IntToStr_output 
0x053A	0x0E00      	MOVLW       hi_addr(main_adc_lcd_L0)
0x053C	0x6E45      	MOVWF       FARG_IntToStr_output+1 
0x053E	0xDEF8      	RCALL       _IntToStr
;ADC_Interrupt.c,119 :: 		Lcd_Out(2,11,adc_lcd);
0x0540	0x0E02      	MOVLW       2
0x0542	0x6E42      	MOVWF       FARG_Lcd_Out_row 
0x0544	0x0E0B      	MOVLW       11
0x0546	0x6E43      	MOVWF       FARG_Lcd_Out_column 
0x0548	0x0E37      	MOVLW       main_adc_lcd_L0
0x054A	0x6E44      	MOVWF       FARG_Lcd_Out_text 
0x054C	0x0E00      	MOVLW       hi_addr(main_adc_lcd_L0)
0x054E	0x6E45      	MOVWF       FARG_Lcd_Out_text+1 
0x0550	0xDF5B      	RCALL       _Lcd_Out
;ADC_Interrupt.c,120 :: 		}
L_main3:
;ADC_Interrupt.c,121 :: 		}
0x0552	0xD7CD      	BRA         L_main0
;ADC_Interrupt.c,123 :: 		}
L_end_main:
0x0554	0xD7FF      	BRA         $+0
; end of _main
0x0568	0xF01CEE10  	LFSR        1, 28
0x056C	0x0E12      	MOVLW       18
0x056E	0x6E00      	MOVWF       R0 
0x0570	0x0E01      	MOVLW       1
0x0572	0x6E01      	MOVWF       R1 
0x0574	0x0E56      	MOVLW       86
0x0576	0x6EF6      	MOVWF       TBLPTR 
0x0578	0x0E05      	MOVLW       5
0x057A	0x6EF7      	MOVWF       TBLPTRH 
0x057C	0x0E00      	MOVLW       0
0x057E	0x6EF8      	MOVWF       TBLPTRU 
0x0580	0xF001EC1D  	CALL        570, 0
0x0584	0x0012      	RETURN      0
;ADC_Interrupt.c,0 :: ?ICS?lstr2_ADC_Interrupt
0x0556	0x4152 ;?ICS?lstr2_ADC_Interrupt+0
0x0558	0x5B31 ;?ICS?lstr2_ADC_Interrupt+2
0x055A	0x566D ;?ICS?lstr2_ADC_Interrupt+4
0x055C	0x3A5D ;?ICS?lstr2_ADC_Interrupt+6
0x055E	0x00 ;?ICS?lstr2_ADC_Interrupt+8
; end of ?ICS?lstr2_ADC_Interrupt
;ADC_Interrupt.c,0 :: ?ICS?lstr1_ADC_Interrupt
0x055F	0x4152 ;?ICS?lstr1_ADC_Interrupt+0
0x0561	0x5B30 ;?ICS?lstr1_ADC_Interrupt+2
0x0563	0x566D ;?ICS?lstr1_ADC_Interrupt+4
0x0565	0x3A5D ;?ICS?lstr1_ADC_Interrupt+6
0x0567	0x00 ;?ICS?lstr1_ADC_Interrupt+8
; end of ?ICS?lstr1_ADC_Interrupt
Symbol List:
//** Routines locations **
//ADDRESS    SIZE    PROCEDURE
//----------------------------------------------
0x0008     [190]    _interrupt
0x00C6      [22]    _Delay_5500us
0x00DC      [10]    _Delay_50us
0x00E6       [6]    _Delay_1us
0x00EC     [124]    _Lcd_Cmd
0x0168      [54]    _Div_16X16_U
0x019E     [144]    _WordToStr
0x022E      [12]    _Lcd_Chr_CP
0x023A      [16]    ___CC2DW
0x024A      [80]    _Mul_16X16_U
0x029A     [150]    _Lcd_Init
0x0330     [216]    _IntToStr
0x0408     [122]    _Lcd_Out
0x0482     [212]    _main
//** Variables locations ** 
//ADDRESS    SIZE    VARIABLE
//----------------------------------------------
0x0000       [1]    R0
0x0001       [1]    R1
0x0002       [2]    strlen_cp_L0
0x0002       [2]    memset_pp_L0
0x0002       [2]    memchr_s_L0
0x0002       [1]    R2
0x0002       [2]    memcpy_dd_L0
0x0003       [2]    Ltrim_original_L0
0x0003       [1]    R3
0x0003       [2]    memmove_tt_L0
0x0004       [2]    memcpy_ss_L0
0x0004       [2]    strcpy_cp_L0
0x0004       [1]    R4
0x0004       [2]    strcat_cp_L0
0x0004       [2]    strncpy_cp_L0
0x0004       [2]    strncat_cp_L0
0x0005       [2]    memmove_ff_L0
0x0005       [2]    LongWordToHex_input_half_L0
0x0005       [1]    R5
0x0005       [2]    LongIntToHex_input_half_L0
0x0005       [2]    Ltrim_p_L0
0x0006       [1]    R6
0x0007       [1]    R7
0x0008       [1]    R8
0x0009       [1]    R9
0x000A       [1]    R10
0x000B       [1]    R11
0x000C       [1]    R12
0x000D       [1]    R13
0x000E       [1]    R14
0x000F       [1]    R15
0x0010       [1]    R16
0x0011       [1]    R17
0x0012       [1]    R18
0x0013       [1]    R19
0x0014       [1]    R20
0x001C       [9]    ?lstr2_ADC_Interrupt
0x0025       [9]    ?lstr1_ADC_Interrupt
0x002E       [2]    _adc_ra0
0x0030       [2]    _adc_prev_ra0
0x0032       [0]    __Lib_Lcd_cmd_status
0x0033       [2]    _adc_prev_ra1
0x0035       [2]    _adc_ra1
0x0037       [7]    main_adc_lcd_L0
0x003E       [2]    main_adc_label_RA0_L0
0x0040       [2]    main_adc_label_RA1_L0
0x0042       [1]    FARG_Lcd_Out_row
0x0042       [2]    FARG_IntToStr_input
0x0043       [1]    FARG_Lcd_Out_column
0x0044       [2]    FARG_IntToStr_output
0x0044       [2]    FARG_Lcd_Out_text
0x0046       [2]    IntToStr_i_L0
0x0046       [1]    Lcd_Out_i_L0
0x0048       [2]    IntToStr_negative_L0
0x004A       [2]    IntToStr_inword_L0
0x004C       [1]    FARG_Lcd_Chr_CP_out_char
0x004C       [2]    FARG_WordToStr_input
0x004E       [2]    FARG_WordToStr_output
0x0050       [1]    WordToStr_len_L0
0x0051       [2]    FLOC__WordToStr
0x0053       [1]    FARG_Lcd_Cmd_out_char
0x0F8A       [0]    LATB5_bit
0x0F8A       [0]    LATB1_bit
0x0F8A       [0]    LATB2_bit
0x0F8A       [0]    LATB3_bit
0x0F8A       [0]    LATB4_bit
0x0F8A       [0]    LATB0_bit
0x0F8A       [0]    LCD_D7
0x0F8A       [0]    LCD_D4
0x0F8A       [0]    LCD_D6
0x0F8A       [0]    LCD_D5
0x0F8A       [0]    LCD_EN
0x0F8A       [0]    LCD_RS
0x0F8B       [1]    LATC
0x0F93       [0]    TRISB1_bit
0x0F93       [0]    LCD_D4_Direction
0x0F93       [0]    LCD_RS_Direction
0x0F93       [0]    LCD_EN_Direction
0x0F93       [0]    TRISB0_bit
0x0F93       [0]    TRISB2_bit
0x0F93       [0]    LCD_D6_Direction
0x0F93       [0]    TRISB5_bit
0x0F93       [0]    LCD_D7_Direction
0x0F93       [0]    LCD_D5_Direction
0x0F93       [0]    TRISB4_bit
0x0F93       [0]    TRISB3_bit
0x0F94       [1]    TRISC
0x0F9D       [1]    PIE1
0x0F9E       [1]    PIR1
0x0FC0       [1]    ADCON2
0x0FC2       [1]    ADCON0
0x0FC3       [1]    ADRESL
0x0FC4       [1]    ADRESH
0x0FD8       [1]    STATUS
0x0FD9       [1]    FSR2L
0x0FDA       [1]    FSR2H
0x0FDE       [1]    POSTINC2
0x0FE0       [1]    BSR
0x0FE1       [1]    FSR1L
0x0FE2       [1]    FSR1H
0x0FE4       [1]    PREINC1
0x0FE6       [1]    POSTINC1
0x0FE7       [1]    INDF1
0x0FE8       [1]    WREG
0x0FE9       [1]    FSR0L
0x0FEA       [1]    FSR0H
0x0FEE       [1]    POSTINC0
0x0FF2       [1]    INTCON
0x0FF3       [1]    PRODL
0x0FF4       [1]    PRODH
0x0FF5       [1]    TABLAT
0x0FF6       [1]    TBLPTRL
0x0FF6       [3]    TBLPTR
0x0FF7       [1]    TBLPTRH
0x0FF8       [1]    TBLPTRU
//** Constants locations ** 
//ADDRESS    SIZE    CONSTANT
//----------------------------------------------
0x0556       [9]    ?ICS?lstr2_ADC_Interrupt
0x055F       [9]    ?ICS?lstr1_ADC_Interrupt
