INFO: [VRFC 10-163] Analyzing VHDL file "/home/fabio/Downloads/AsyncMemRegOut/AsyncMemRegOut.srcs/sources_1/new/MyMemory.vhd" into library xil_defaultlib
INFO: [VRFC 10-307] analyzing entity MyMemory
INFO: [VRFC 10-163] Analyzing VHDL file "/home/fabio/Downloads/AsyncMemRegOut/AsyncMemRegOut.srcs/sources_1/new/MyRegister.vhd" into library xil_defaultlib
INFO: [VRFC 10-307] analyzing entity MyRegister
INFO: [VRFC 10-163] Analyzing VHDL file "/home/fabio/Downloads/AsyncMemRegOut/AsyncMemRegOut.srcs/sources_1/imports/Downloads/ff_d.vhd" into library xil_defaultlib
INFO: [VRFC 10-307] analyzing entity ff_d
INFO: [VRFC 10-163] Analyzing VHDL file "/home/fabio/Downloads/AsyncMemRegOut/AsyncMemRegOut.srcs/sim_1/new/top_sim.vhd" into library xil_defaultlib
INFO: [VRFC 10-307] analyzing entity top_sim
INFO: [VRFC 10-163] Analyzing VHDL file "/home/fabio/Downloads/AsyncMemRegOut/AsyncMemRegOut.srcs/sim_1/new/top_sim.vhd" into library xil_defaultlib
INFO: [VRFC 10-307] analyzing entity top_sim
INFO: [VRFC 10-163] Analyzing VHDL file "/home/fabio/Downloads/AsyncMemRegOut/AsyncMemRegOut.srcs/sim_1/new/top_sim.vhd" into library xil_defaultlib
INFO: [VRFC 10-307] analyzing entity top_sim
INFO: [VRFC 10-163] Analyzing VHDL file "/home/fabio/Downloads/AsyncMemRegOut/AsyncMemRegOut.srcs/sim_1/new/top_sim.vhd" into library xil_defaultlib
INFO: [VRFC 10-307] analyzing entity top_sim
INFO: [VRFC 10-163] Analyzing VHDL file "/home/fabio/Downloads/AsyncMemRegOut/AsyncMemRegOut.srcs/sim_1/new/top_sim.vhd" into library xil_defaultlib
INFO: [VRFC 10-307] analyzing entity top_sim
INFO: [VRFC 10-163] Analyzing VHDL file "/home/fabio/Downloads/AsyncMemRegOut/AsyncMemRegOut.srcs/sim_1/new/top_sim.vhd" into library xil_defaultlib
INFO: [VRFC 10-307] analyzing entity top_sim
INFO: [VRFC 10-163] Analyzing VHDL file "/home/fabio/Downloads/AsyncMemRegOut/AsyncMemRegOut.srcs/sim_1/new/top_sim.vhd" into library xil_defaultlib
INFO: [VRFC 10-307] analyzing entity top_sim
INFO: [VRFC 10-163] Analyzing VHDL file "/home/fabio/Downloads/AsyncMemRegOut/AsyncMemRegOut.srcs/sim_1/new/top_sim.vhd" into library xil_defaultlib
INFO: [VRFC 10-307] analyzing entity top_sim
INFO: [VRFC 10-163] Analyzing VHDL file "/home/fabio/Downloads/AsyncMemRegOut/AsyncMemRegOut.srcs/sim_1/new/top_sim.vhd" into library xil_defaultlib
INFO: [VRFC 10-307] analyzing entity top_sim
INFO: [VRFC 10-163] Analyzing VHDL file "/home/fabio/Downloads/AsyncMemRegOut/AsyncMemRegOut.srcs/sim_1/new/top_sim.vhd" into library xil_defaultlib
INFO: [VRFC 10-307] analyzing entity top_sim
INFO: [VRFC 10-163] Analyzing VHDL file "/home/fabio/Downloads/AsyncMemRegOut/AsyncMemRegOut.srcs/sim_1/new/top_sim.vhd" into library xil_defaultlib
INFO: [VRFC 10-307] analyzing entity top_sim
INFO: [VRFC 10-163] Analyzing VHDL file "/home/fabio/Downloads/AsyncMemRegOut/AsyncMemRegOut.srcs/sim_1/new/top_sim.vhd" into library xil_defaultlib
INFO: [VRFC 10-307] analyzing entity top_sim
INFO: [VRFC 10-163] Analyzing VHDL file "/home/fabio/Downloads/AsyncMemRegOut/AsyncMemRegOut.srcs/sim_1/new/top_sim.vhd" into library xil_defaultlib
INFO: [VRFC 10-307] analyzing entity top_sim
INFO: [VRFC 10-163] Analyzing VHDL file "/home/fabio/Downloads/AsyncMemRegOut/AsyncMemRegOut.srcs/sim_1/new/top_sim.vhd" into library xil_defaultlib
INFO: [VRFC 10-307] analyzing entity top_sim
INFO: [VRFC 10-163] Analyzing VHDL file "/home/fabio/Downloads/AsyncMemRegOut/AsyncMemRegOut.srcs/sources_1/new/MyMemory.vhd" into library xil_defaultlib
INFO: [VRFC 10-307] analyzing entity MyMemory
INFO: [VRFC 10-163] Analyzing VHDL file "/home/fabio/Downloads/AsyncMemRegOut/AsyncMemRegOut.srcs/sim_1/new/top_sim.vhd" into library xil_defaultlib
INFO: [VRFC 10-307] analyzing entity top_sim
INFO: [VRFC 10-163] Analyzing VHDL file "/home/fabio/Downloads/AsyncMemRegOut/AsyncMemRegOut.srcs/sim_1/new/top_sim.vhd" into library xil_defaultlib
INFO: [VRFC 10-307] analyzing entity top_sim
INFO: [VRFC 10-163] Analyzing VHDL file "/home/fabio/Downloads/AsyncMemRegOut/AsyncMemRegOut.srcs/sim_1/new/top_sim.vhd" into library xil_defaultlib
INFO: [VRFC 10-307] analyzing entity top_sim
INFO: [VRFC 10-163] Analyzing VHDL file "/home/fabio/Downloads/AsyncMemRegOut/AsyncMemRegOut.srcs/sources_1/new/MyMemory.vhd" into library xil_defaultlib
INFO: [VRFC 10-307] analyzing entity MyMemory
INFO: [VRFC 10-163] Analyzing VHDL file "/home/fabio/Downloads/AsyncMemRegOut/AsyncMemRegOut.srcs/sources_1/new/MyMemory.vhd" into library xil_defaultlib
INFO: [VRFC 10-307] analyzing entity MyMemory
INFO: [VRFC 10-163] Analyzing VHDL file "/home/fabio/Downloads/AsyncMemRegOut/AsyncMemRegOut.srcs/sim_1/new/top_sim.vhd" into library xil_defaultlib
INFO: [VRFC 10-307] analyzing entity top_sim
ERROR: [VRFC 10-91] falling_edg is not declared [/home/fabio/Downloads/AsyncMemRegOut/AsyncMemRegOut.srcs/sim_1/new/top_sim.vhd:75]
ERROR: [VRFC 10-1504] unit behavioral ignored due to previous errors [/home/fabio/Downloads/AsyncMemRegOut/AsyncMemRegOut.srcs/sim_1/new/top_sim.vhd:9]
INFO: [VRFC 10-240] VHDL file /home/fabio/Downloads/AsyncMemRegOut/AsyncMemRegOut.srcs/sim_1/new/top_sim.vhd ignored due to errors
INFO: [VRFC 10-163] Analyzing VHDL file "/home/fabio/Downloads/AsyncMemRegOut/AsyncMemRegOut.srcs/sources_1/new/MyMemory.vhd" into library xil_defaultlib
INFO: [VRFC 10-307] analyzing entity MyMemory
INFO: [VRFC 10-163] Analyzing VHDL file "/home/fabio/Downloads/AsyncMemRegOut/AsyncMemRegOut.srcs/sim_1/new/top_sim.vhd" into library xil_defaultlib
INFO: [VRFC 10-307] analyzing entity top_sim
INFO: [VRFC 10-163] Analyzing VHDL file "/home/fabio/Downloads/AsyncMemRegOut/AsyncMemRegOut.srcs/sources_1/new/MyMemory.vhd" into library xil_defaultlib
INFO: [VRFC 10-307] analyzing entity MyMemory
INFO: [VRFC 10-163] Analyzing VHDL file "/home/fabio/Downloads/AsyncMemRegOut/AsyncMemRegOut.srcs/sources_1/new/MyMemory.vhd" into library xil_defaultlib
INFO: [VRFC 10-307] analyzing entity MyMemory
INFO: [VRFC 10-163] Analyzing VHDL file "/home/fabio/Downloads/AsyncMemRegOut/AsyncMemRegOut.srcs/sim_1/new/top_sim.vhd" into library xil_defaultlib
INFO: [VRFC 10-307] analyzing entity top_sim
INFO: [VRFC 10-163] Analyzing VHDL file "/home/fabio/Downloads/AsyncMemRegOut/AsyncMemRegOut.srcs/sim_1/new/top_sim.vhd" into library xil_defaultlib
INFO: [VRFC 10-307] analyzing entity top_sim
INFO: [VRFC 10-163] Analyzing VHDL file "/home/fabio/Downloads/AsyncMemRegOut/AsyncMemRegOut.srcs/sources_1/new/MyMemory.vhd" into library xil_defaultlib
INFO: [VRFC 10-307] analyzing entity MyMemory
INFO: [VRFC 10-163] Analyzing VHDL file "/home/fabio/Downloads/AsyncMemRegOut/AsyncMemRegOut.srcs/sources_1/new/MyMemory.vhd" into library xil_defaultlib
INFO: [VRFC 10-307] analyzing entity MyMemory
INFO: [VRFC 10-163] Analyzing VHDL file "/home/fabio/Downloads/AsyncMemRegOut/AsyncMemRegOut.srcs/sim_1/new/top_sim.vhd" into library xil_defaultlib
INFO: [VRFC 10-307] analyzing entity top_sim
